[2015.12.28-01.26.24:156][  0]Log file open, 12/28/15 02:26:24
[2015.12.28-01.26.24:156][  0]LogInit:Display: Running engine for game: podracer
[2015.12.28-01.26.24:156][  0]LogPlatformFile: Not using cached read wrapper
[2015.12.28-01.26.24:156][  0]LogInit:Display: RandInit(268057666) SRandInit(268057668).
[2015.12.28-01.26.24:156][  0]LogTaskGraph: Started task graph with 4 named threads and 7 total threads.
[2015.12.28-01.26.24:156][  0]LogStats: Stats thread started at 0.097900
[2015.12.28-01.26.24:156][  0]LogInit: Version: 4.10.1-2791327+++depot+UE4-Releases+4.10
[2015.12.28-01.26.24:156][  0]LogInit: API Version: 2758231
[2015.12.28-01.26.24:156][  0]LogInit: Compiled (64-bit): Dec  4 2015 19:44:40
[2015.12.28-01.26.24:156][  0]LogInit: Compiled with Visual C++: 19.00.23026.00
[2015.12.28-01.26.24:156][  0]LogInit: Build Configuration: Development
[2015.12.28-01.26.24:156][  0]LogInit: Branch Name: ++depot+UE4-Releases+4.10
[2015.12.28-01.26.24:156][  0]LogInit: Command line:  
[2015.12.28-01.26.24:156][  0]LogInit: Base directory: E:/Program Files/Epic Games/Epic Games/4.10/Engine/Binaries/Win64/
[2015.12.28-01.26.24:156][  0]LogInit: Rocket: 1
[2015.12.28-01.26.24:174][  0]LogInit: Using libcurl 7.41.0
[2015.12.28-01.26.24:174][  0]LogInit:  - built for x86_64-pc-win32
[2015.12.28-01.26.24:174][  0]LogInit:  - supports SSL with WinSSL
[2015.12.28-01.26.24:174][  0]LogInit:  - other features:
[2015.12.28-01.26.24:174][  0]LogInit:      CURL_VERSION_SSL
[2015.12.28-01.26.24:174][  0]LogInit:      CURL_VERSION_IPV6
[2015.12.28-01.26.24:174][  0]LogInit:      CURL_VERSION_ASYNCHDNS
[2015.12.28-01.26.24:174][  0]LogInit:      CURL_VERSION_LARGEFILE
[2015.12.28-01.26.24:174][  0]LogInit:      CURL_VERSION_IDN
[2015.12.28-01.26.24:174][  0]LogInit:  CurlRequestOptions (configurable via config and command line):
[2015.12.28-01.26.24:174][  0]LogInit:  - bVerifyPeer = true  - Libcurl will verify peer certificate
[2015.12.28-01.26.24:174][  0]LogInit:  - bUseHttpProxy = false  - Libcurl will NOT use HTTP proxy
[2015.12.28-01.26.24:174][  0]LogInit:  - bDontReuseConnections = false  - Libcurl will reuse connections
[2015.12.28-01.26.24:174][  0]LogInit:  - CertBundlePath = nullptr  - Libcurl will use whatever was configured at build time.
[2015.12.28-01.26.24:194][  0]LogInit: Presizing for 0 objects not considered by GC, pre-allocating 0 bytes.
[2015.12.28-01.26.24:204][  0]LogInit: Object subsystem initialized
[2015.12.28-01.26.24:205][  0]LogInit: Selected Device Profile: [Windows]
[2015.12.28-01.26.24:205][  0]LogInit: Applying CVar settings loaded from the selected device profile: [Windows]
[2015.12.28-01.26.24:217][  0]LogInit: Computer: USER-PC
[2015.12.28-01.26.24:217][  0]LogInit: User: User
[2015.12.28-01.26.24:217][  0]LogInit: CPU Page size=4096, Cores=4
[2015.12.28-01.26.24:217][  0]LogInit: High frequency timer resolution =3.508066 MHz
[2015.12.28-01.26.24:217][  0]LogMemory: Memory total: Physical=8.0GB (8GB approx)
[2015.12.28-01.26.24:217][  0]LogMemory: Platform Memory Stats for Windows
[2015.12.28-01.26.24:217][  0]LogMemory: Process Physical Memory: 57.68 MB used, 57.68 MB peak
[2015.12.28-01.26.24:217][  0]LogMemory: Process Virtual Memory: 57.71 MB used, 57.71 MB peak
[2015.12.28-01.26.24:217][  0]LogMemory: Physical Memory: 5421.52 MB used, 8146.84 MB total
[2015.12.28-01.26.24:217][  0]LogMemory: Virtual Memory: 351.60 MB used, 8388608.00 MB total
[2015.12.28-01.26.24:333][  0]LogTextLocalizationManager: No translations for ('hu-HU') exist, falling back to 'en' for localization and internationalization data.
[2015.12.28-01.26.24:915][  0]LogD3D11RHI: Found D3D11 adapter 0: NVIDIA GeForce GTX 480 (Feature Level 11_0)
[2015.12.28-01.26.24:915][  0]LogD3D11RHI: Adapter has 1488MB of dedicated video memory, 0MB of dedicated system memory, and 2559MB of shared system memory, 1 output[s]
[2015.12.28-01.26.24:915][  0]LogD3D11RHI: Chosen D3D11 Adapter Id = 0
[2015.12.28-01.26.24:923][  0]LogD3D11RHI: !Direct3DDevice
[2015.12.28-01.26.24:923][  0]LogRHI: Texture pool is 1041 MB (70% of 1488 MB)
[2015.12.28-01.26.24:941][  0]LogD3D11RHI: Async texture creation enabled
[2015.12.28-01.26.24:957][  0]LogShaderCompilers: Guid format shader working directory is 6 characters bigger than the processId version (C:/Users/User/Documents/GitHub/podracer/Intermediate/Shaders/WorkingDirectory/8340/).
[2015.12.28-01.26.24:957][  0]LogShaderCompilers: Cleaned the shader compiler working directory 'C:/Users/User/AppData/Local/Temp/UnrealShaderWorkingDir/7F028E264717FF1C886FB2BBA66EE38E/'.
[2015.12.28-01.26.24:957][  0]LogShaderCompilers:Display: Using Local Shader Compiler.
[2015.12.28-01.26.26:360][  0]LogTemp:Display: Loaded TP AllDesktopTargetPlatform
[2015.12.28-01.26.26:369][  0]LogTemp:Display: Loaded TP WindowsClientTargetPlatform
[2015.12.28-01.26.26:378][  0]LogTemp:Display: Loaded TP WindowsNoEditorTargetPlatform
[2015.12.28-01.26.26:387][  0]LogTemp:Display: Loaded TP WindowsServerTargetPlatform
[2015.12.28-01.26.26:396][  0]LogTemp:Display: Loaded TP WindowsTargetPlatform
[2015.12.28-01.26.26:403][  0]LogTemp:Display: Loaded TP AndroidTargetPlatform
[2015.12.28-01.26.26:410][  0]LogTemp:Display: Loaded TP Android_ASTCTargetPlatform
[2015.12.28-01.26.26:418][  0]LogTemp:Display: Loaded TP Android_ATCTargetPlatform
[2015.12.28-01.26.26:426][  0]LogTemp:Display: Loaded TP Android_DXTTargetPlatform
[2015.12.28-01.26.26:434][  0]LogTemp:Display: Loaded TP Android_ETC1TargetPlatform
[2015.12.28-01.26.26:441][  0]LogTemp:Display: Loaded TP Android_ETC2TargetPlatform
[2015.12.28-01.26.26:456][  0]LogTemp:Display: Loaded TP Android_MultiTargetPlatform
[2015.12.28-01.26.26:456][  0]LogTemp:Display: Loaded TP Android_PVRTCTargetPlatform
[2015.12.28-01.26.26:459][  0]LogTemp:Display: Loaded TP HTML5TargetPlatform
[2015.12.28-01.26.26:489][  0]LogTemp:Display: Loaded TP IOSTargetPlatform
[2015.12.28-01.26.26:496][  0]LogTemp:Display: Loaded TP LinuxNoEditorTargetPlatform
[2015.12.28-01.26.26:503][  0]LogTemp:Display: Loaded TP LinuxServerTargetPlatform
[2015.12.28-01.26.26:511][  0]LogTemp:Display: Loaded TP LinuxTargetPlatform
[2015.12.28-01.26.26:511][  0]LogTargetPlatformManager:Display: Building Assets For Windows
[2015.12.28-01.26.26:685][  0]LogDerivedDataCache:Display: Max Cache Size: 512 MB
[2015.12.28-01.26.26:685][  0]LogDerivedDataCache:Display: Starting with empty Boot cache
[2015.12.28-01.26.26:685][  0]LogDerivedDataCache: FDerivedDataBackendGraph:  Pak pak cache file C:/Users/User/Documents/GitHub/podracer/DerivedDataCache/DDC.ddp not found, will not use a pak cache.
[2015.12.28-01.26.26:685][  0]LogDerivedDataCache: Unable to find inner node Pak for hierarchical cache Hierarchy.
[2015.12.28-01.26.26:685][  0]LogDerivedDataCache: FDerivedDataBackendGraph:  CompressedPak pak cache file C:/Users/User/Documents/GitHub/podracer/DerivedDataCache/Compressed.ddp not found, will not use a pak cache.
[2015.12.28-01.26.26:685][  0]LogDerivedDataCache: Unable to find inner node CompressedPak for hierarchical cache Hierarchy.
[2015.12.28-01.26.26:786][  0]LogDerivedDataCache:Display: Pak cache opened for reading ../../../Engine/DerivedDataCache/Compressed.ddp.
[2015.12.28-01.26.26:802][  0]LogDerivedDataCache: Using Local data cache path C:/Users/User/AppData/Local/UnrealEngine/Common/DerivedDataCache: Writable
[2015.12.28-01.26.29:848][  0]LogInit: Selected Device Profile: [Windows]
[2015.12.28-01.26.29:877][  0]LogContentStreaming: Texture pool size is 0.000000MB
[2015.12.28-01.26.30:182][  0]LogMeshUtilities: No automatic mesh reduction module available
[2015.12.28-01.26.30:182][  0]LogMeshUtilities: No automatic mesh merging module available
[2015.12.28-01.26.32:866][  0]LogInit: WinSock: version 1.1 (2.2), MaxSocks=32767, MaxUdp=65467
[2015.12.28-01.26.40:912][  0]UdpMessaging: Initializing bridge on interface 0.0.0.0:0 to multicast group 230.0.0.1:6666.
[2015.12.28-01.26.41:662][  0]LogAssetRegistry: FAssetRegistry took 0.0105 seconds to start up
[2015.12.28-01.26.43:535][  0]SourceControl: Info Source control is disabled
[2015.12.28-01.26.43:537][  0]SourceControl: Info Source control is disabled
[2015.12.28-01.26.43:643][  0]SourceControl: Info Source control is disabled
[2015.12.28-01.26.43:799][  0]SourceControl: Info Source control is disabled
[2015.12.28-01.26.46:136][  0]LogObj: 28633 objects as part of root set at end of initial load.
[2015.12.28-01.26.46:136][  0]LogUObjectAllocator: 6099744 out of 0 bytes used by permanent object pool.
[2015.12.28-01.26.46:485][  0]LogEngine: Initializing Engine...
[2015.12.28-01.26.46:503][  0]LogHMD: Can't find Oculus library dev build: is proper Runtime installed? Version: 0.8.0.0
[2015.12.28-01.26.47:125][  0]LogHMD: SteamVR failed to initialize.  Err: 108
[2015.12.28-01.26.47:816][  0]LogAIModule: Creating AISystem for world NewWorld
[2015.12.28-01.26.47:930][  0]LogInit: XAudio2 using 'Hangszórók (2 - SB Audigy)' : 2 channels at 48 kHz using 16 bits per sample (channel mask 0x3)
[2015.12.28-01.26.47:946][  0]LogInit: FAudioDevice initialized.
[2015.12.28-01.26.47:985][  0]LogDerivedDataCache: Saved boot cache 0.04s 41MB C:/Users/User/AppData/Local/UnrealEngine/4.10/DerivedDataCache/Boot.ddc.
[2015.12.28-01.26.47:996][  0]LogInit: Texture streaming: Enabled
[2015.12.28-01.26.48:078][  0]LogAnalytics: Creating configured Analytics provider AnalyticsET
[2015.12.28-01.26.48:078][  0]LogAnalytics: [UEEditor.Rocket.Release] APIServer = http://et2.epicgames.com/ET2/. AppVersion = 4.10.1-2791327+++depot+UE4-Releases+4.10
[2015.12.28-01.26.48:078][  0]LogAnalytics: [UEEditor.Rocket.Release] SetUserId 0fc6d77a43cefd1d3b13cbba1c3bd328|2bd29efba4ff41d58ae967e47c76c574|35015ef3-e974-4404-876a-6efd0374fb0a
[2015.12.28-01.26.48:078][  0]LogAnalytics: [UEEditor.Rocket.Release] AnalyticsET::StartSession
[2015.12.28-01.26.48:220][  0]LogInit: Transaction tracking system initialized
[2015.12.28-01.26.48:827][  0]BlueprintLog: New page: Editor Load
[2015.12.28-01.26.51:401][  0]LocalizationService: Info Localization service is disabled
[2015.12.28-01.26.52:961][  0]LogConsoleResponse:Display: 
[2015.12.28-01.26.55:813][  0]LogCook:Display: Done creating registry. It took  0.00s.
[2015.12.28-01.26.57:218][  0]LogFileCache: Scanning file cache for directory 'C:/Users/User/Documents/GitHub/podracer/Content/' took 0.02s
[2015.12.28-01.26.57:396][  0]SourceControl: Info Source control is disabled
[2015.12.28-01.26.57:397][  0]Cmd: MAP LOAD FILE="C:/Users/User/Documents/GitHub/podracer/Content/FlyingBP/Maps/FlyingExampleMap.umap" TEMPLATE=0 SHOWPROGRESS=1 FEATURELEVEL=3
[2015.12.28-01.26.57:397][  0]LightingResults: New page: Lighting Build
[2015.12.28-01.26.57:516][  0]MapCheck: New page: Map Check
[2015.12.28-01.26.57:516][  0]LightingResults: New page: Lighting Build
[2015.12.28-01.26.57:726][  0]LogParticles: Destroying 0 GPU particle simulations for FXSystem 0x000000002536AAC0
[2015.12.28-01.27.03:321][  0]LogAIModule: Creating AISystem for world FlyingExampleMap
[2015.12.28-01.27.04:121][  0]LogEditorServer: Finished looking for orphan Actors (0.000 secs)
[2015.12.28-01.27.04:150][  0]Cmd: MAP CHECKDEP NOCLEARLOG
[2015.12.28-01.27.04:346][  0]MapCheck: Info Map check complete: 0 Error(s), 0 Warning(s), took 196.541ms to complete.
[2015.12.28-01.27.04:346][  0]LogFileHelpers: Loading map 'FlyingExampleMap' took 6.950
[2015.12.28-01.27.05:046][  0]LogCollectionManager: Loaded 0 collections in 0.004311 seconds
[2015.12.28-01.27.05:092][  0]LogFileCache: Scanning file cache for directory 'C:/Users/User/Documents/GitHub/podracer/Saved/Collections/' took 0.01s
[2015.12.28-01.27.05:092][  0]LogFileCache: Scanning file cache for directory 'C:/Users/User/Documents/GitHub/podracer/Content/Developers/User/Collections/' took 0.01s
[2015.12.28-01.27.05:093][  0]LogFileCache: Scanning file cache for directory 'C:/Users/User/Documents/GitHub/podracer/Content/Collections/' took 0.01s
[2015.12.28-01.27.05:093][  0]LogCollectionManager: Rebuilt the GUID cache for 0 collections in 0.000003 seconds
[2015.12.28-01.27.05:106][  0]LogContentBrowser: Native class hierarchy populated in 0.0128 seconds. Added 1893 classes and 338 folders.
[2015.12.28-01.27.05:123][  0]LogContentBrowser: Native class hierarchy updated for 'WidgetCarousel' in 0.0005 seconds. Added 0 classes and 0 folders.
[2015.12.28-01.27.06:275][  0]LogContentBrowser: Native class hierarchy updated for 'AddContentDialog' in 0.0004 seconds. Added 0 classes and 0 folders.
[2015.12.28-01.27.06:401][  0]LogContentBrowser: Native class hierarchy updated for 'SceneOutliner' in 0.0005 seconds. Added 1 classes and 2 folders.
[2015.12.28-01.27.06:522][  0]LogCrashTracker: Crashtracker disabled due to settings.
[2015.12.28-01.27.06:540][  0]LogUObjectGlobals:Warning: Failed to find object 'Class None.'
[2015.12.28-01.27.06:562][  0]LogLoad: Full Startup: 43.07 seconds (BP compile: 0.26 seconds)
[2015.12.28-01.27.06:585][  0]LogOcInput: Can't find Oculus library dev build: is proper Runtime installed? Version: 0.8.0.0
[2015.12.28-01.27.06:817][  0]LogContentStreaming: Texture pool size now 1000 MB
[2015.12.28-01.27.07:105][  0]LogRenderer: Reallocating scene render targets to support 1208x652 (Frame:2).
[2015.12.28-01.27.07:969][  6]LogAssetRegistry: Asset discovery search completed in 26.3163 seconds
[2015.12.28-01.27.07:969][  6]LogCollectionManager: Rebuilt the object cache for 0 collections in 0.000001 seconds (found 0 objects)
[2015.12.28-01.27.07:969][  6]LogCollectionManager: Fixed up redirectors for 0 collections in 0.000048 seconds (updated 0 objects)
[2015.12.28-01.27.13:365][295]LogStreaming:Warning: Failed to open ANSI TEXT file C:/Users/User/Documents/GitHub/podracer/Saved/HardwareSurvey/dxdiag.txt
[2015.12.28-01.27.13:406][296]LogWindows:Warning: FWindowsPlatformSurvey::TickSurveyHardware() failed to parse available memory from dxdiag report
[2015.12.28-01.27.13:448][296]LogSynthBenchmark:Display: FSynthBenchmark (V0.95):  requested WorkScale=1.00
[2015.12.28-01.27.13:448][296]LogSynthBenchmark:Display: ===============
[2015.12.28-01.27.13:448][296]LogSynthBenchmark:Display: Main Processor:
[2015.12.28-01.27.13:522][296]LogSynthBenchmark:Display:          ... 0.048819 s/Run 'RayIntersect'
[2015.12.28-01.27.13:522][296]LogSynthBenchmark:Display:          ... 0.025657 s/Run 'Fractal'
[2015.12.28-01.27.13:522][296]LogSynthBenchmark:Display: 
[2015.12.28-01.27.13:522][296]LogSynthBenchmark:Display:   CompiledTarget_x_Bits: 64
[2015.12.28-01.27.13:522][296]LogSynthBenchmark:Display:   UE_BUILD_SHIPPING: 0
[2015.12.28-01.27.13:522][296]LogSynthBenchmark:Display:   UE_BUILD_TEST: 0
[2015.12.28-01.27.13:522][296]LogSynthBenchmark:Display:   UE_BUILD_DEBUG: 0
[2015.12.28-01.27.13:522][296]LogSynthBenchmark:Display:   TotalPhysicalGBRam: 8
[2015.12.28-01.27.13:522][296]LogSynthBenchmark:Display:   NumberOfCores (physical): 4
[2015.12.28-01.27.13:522][296]LogSynthBenchmark:Display:   NumberOfCores (logical): 8
[2015.12.28-01.27.13:522][296]LogSynthBenchmark:Display:   CPU Perf Index 0: 52.5
[2015.12.28-01.27.13:522][296]LogSynthBenchmark:Display:   CPU Perf Index 1: 111.5
[2015.12.28-01.27.13:522][296]LogSynthBenchmark:Display:  
[2015.12.28-01.27.13:522][296]LogSynthBenchmark:Display: Graphics:
[2015.12.28-01.27.13:522][296]LogSynthBenchmark:Display:   Adapter Name: 'NVIDIA GeForce GTX 480'
[2015.12.28-01.27.13:522][296]LogSynthBenchmark:Display:   (On Optimus the name might be wrong, memory should be ok)
[2015.12.28-01.27.13:522][296]LogSynthBenchmark:Display:   Vendor Id: 0x10de
[2015.12.28-01.27.13:522][296]LogSynthBenchmark:Display:   GPU Memory: 1489/0/2560 MB
[2015.12.28-01.27.13:522][296]LogSynthBenchmark:Display:   CPUIndex: 52.5
[2015.12.28-01.27.13:522][296]LogSynthBenchmark:Display:   GPUIndex: -nan(ind)
[2015.12.28-01.27.13:522][296]LogSynthBenchmark:Display: 
[2015.12.28-01.27.13:523][296]LogSynthBenchmark:Display:          ... Total Time: 0.074893 sec
[2015.12.28-01.27.59:742][796]LogEditorViewport: Clicking on Actor (LMB): StaticMeshActor (Ground)
[2015.12.28-01.27.59:873][796]LogEditorViewport: Clicking on Component (LMB): StaticMeshComponent (StaticMeshComponent0)
[2015.12.28-01.28.01:057][880]LogEditorViewport: Clicking on Component (LMB): StaticMeshComponent (StaticMeshComponent0)
[2015.12.28-01.28.06:379][290]LogActorComponent: UnregisterComponent: (/Engine/Transient.SphereBrushComponent) Not registered. Aborting.
[2015.12.28-01.28.11:903][700]Cmd: BRUSH ADD SELECTNEWBRUSH
[2015.12.28-01.28.19:667][333]Cmd: OBJ SAVEPACKAGE PACKAGE="/Game/FlyingBP/Maps/FlyingExampleMap" FILE="C:/Users/User/Documents/GitHub/podracer/Content/FlyingBP/Maps/FlyingExampleMap.umap" SILENT=true AUTOSAVING=false KEEPDIRTY=false
[2015.12.28-01.28.20:868][333]LogSavePackage: Save=1068.911133ms
[2015.12.28-01.28.20:869][333]LogSavePackage: Moving 'C:/Users/User/Documents/GitHub/podracer/Saved/FlyingExampleMapA1FC02FC4AFE42949C2F178FFA2320F3.tmp' to 'C:/Users/User/Documents/GitHub/podracer/Content/FlyingBP/Maps/FlyingExampleMap.umap'
[2015.12.28-01.28.20:869][333]LogFileManager:Warning: DeleteFile was unable to delete 'C:/Users/User/Documents/GitHub/podracer/Content/FlyingBP/Maps/FlyingExampleMap.umap', retrying in .5s...
[2015.12.28-01.28.21:369][333]LogFileManager:Error: Error deleting file 'C:/Users/User/Documents/GitHub/podracer/Content/FlyingBP/Maps/FlyingExampleMap.umap'.
[2015.12.28-01.28.21:369][333]LogSavePackage:Error: Error saving 'C:/Users/User/Documents/GitHub/podracer/Content/FlyingBP/Maps/FlyingExampleMap.umap'
[2015.12.28-01.28.21:378][333]LogSavePackage: Total save time: 1650.820427ms
[2015.12.28-01.28.21:378][333]LogSavePackage:Display: Finished SavePackage C:/Users/User/Documents/GitHub/podracer/Content/FlyingBP/Maps/FlyingExampleMap.umap
[2015.12.28-01.28.21:399][333]EditorErrors: New page: Save Output
[2015.12.28-01.28.21:399][333]EditorErrors:Warning: Warning Error saving 'C:/Users/User/Documents/GitHub/podracer/Content/FlyingBP/Maps/FlyingExampleMap.umap'
[2015.12.28-01.28.49:915][476]Cmd: BRUSH ADD SELECTNEWBRUSH
[2015.12.28-01.28.52:685][674]Cmd: BRUSH ADD SELECTNEWBRUSH
[2015.12.28-01.28.54:502][798]Cmd: BRUSH ADD SELECTNEWBRUSH
[2015.12.28-01.28.56:226][918]Cmd: BRUSH ADD SELECTNEWBRUSH
[2015.12.28-01.28.58:011][ 34]Cmd: BRUSH ADD SELECTNEWBRUSH
[2015.12.28-01.28.59:705][149]Cmd: BRUSH ADD SELECTNEWBRUSH
[2015.12.28-01.29.04:938][499]LogEditorViewport: Clicking on Actor (LMB): StaticMeshActor (Ground)
[2015.12.28-01.29.20:904][713]Cmd: BRUSH ADD SELECTNEWBRUSH
[2015.12.28-01.29.31:439][494]Cmd: BRUSH ADD SELECTNEWBRUSH
[2015.12.28-01.29.47:344][744]Cmd: OBJ SAVEPACKAGE PACKAGE="/Game/FlyingBP/Maps/FlyingExampleMap" FILE="C:/Users/User/Documents/GitHub/podracer/Content/FlyingBP/Maps/FlyingExampleMap.umap" SILENT=true AUTOSAVING=false KEEPDIRTY=false
[2015.12.28-01.29.48:524][744]LogSavePackage: Save=1156.531494ms
[2015.12.28-01.29.48:524][744]LogSavePackage: Moving 'C:/Users/User/Documents/GitHub/podracer/Saved/FlyingExampleMap82647B7E40B35FE18D1E61BA18838A42.tmp' to 'C:/Users/User/Documents/GitHub/podracer/Content/FlyingBP/Maps/FlyingExampleMap.umap'
[2015.12.28-01.29.48:525][744]LogFileManager:Warning: DeleteFile was unable to delete 'C:/Users/User/Documents/GitHub/podracer/Content/FlyingBP/Maps/FlyingExampleMap.umap', retrying in .5s...
[2015.12.28-01.29.49:025][744]LogFileManager:Error: Error deleting file 'C:/Users/User/Documents/GitHub/podracer/Content/FlyingBP/Maps/FlyingExampleMap.umap'.
[2015.12.28-01.29.49:025][744]LogSavePackage:Error: Error saving 'C:/Users/User/Documents/GitHub/podracer/Content/FlyingBP/Maps/FlyingExampleMap.umap'
[2015.12.28-01.29.49:030][744]LogSavePackage: Total save time: 1664.149705ms
[2015.12.28-01.29.49:030][744]LogSavePackage:Display: Finished SavePackage C:/Users/User/Documents/GitHub/podracer/Content/FlyingBP/Maps/FlyingExampleMap.umap
[2015.12.28-01.29.49:040][744]EditorErrors: New page: Save Output
[2015.12.28-01.29.49:040][744]EditorErrors:Warning: Warning Error saving 'C:/Users/User/Documents/GitHub/podracer/Content/FlyingBP/Maps/FlyingExampleMap.umap'
[2015.12.28-01.30.00:013][597]LogEditorViewport: Clicking on Actor (LMB): StaticMeshActor (Ground)
[2015.12.28-01.30.16:419][829]Cmd: BRUSH ADD SELECTNEWBRUSH
[2015.12.28-01.30.18:339][950]Cmd: BRUSH ADD SELECTNEWBRUSH
[2015.12.28-01.30.20:300][ 74]Cmd: BRUSH ADD SELECTNEWBRUSH
[2015.12.28-01.30.22:775][228]Cmd: BRUSH ADD SELECTNEWBRUSH
[2015.12.28-01.30.24:883][364]Cmd: BRUSH ADD SELECTNEWBRUSH
[2015.12.28-01.30.26:960][498]Cmd: BRUSH ADD SELECTNEWBRUSH
[2015.12.28-01.30.29:249][639]Cmd: BRUSH ADD SELECTNEWBRUSH
[2015.12.28-01.30.31:055][751]Cmd: BRUSH ADD SELECTNEWBRUSH
[2015.12.28-01.30.34:419][ 22]Cmd: OBJ SAVEPACKAGE PACKAGE="/Game/FlyingBP/Maps/FlyingExampleMap" FILE="C:/Users/User/Documents/GitHub/podracer/Content/FlyingBP/Maps/FlyingExampleMap.umap" SILENT=true AUTOSAVING=false KEEPDIRTY=false
[2015.12.28-01.30.35:602][ 22]LogSavePackage: Save=1157.019897ms
[2015.12.28-01.30.35:602][ 22]LogSavePackage: Moving 'C:/Users/User/Documents/GitHub/podracer/Saved/FlyingExampleMap72F4471D4D87AC6507FC88AB509B9AA1.tmp' to 'C:/Users/User/Documents/GitHub/podracer/Content/FlyingBP/Maps/FlyingExampleMap.umap'
[2015.12.28-01.30.35:602][ 22]LogFileManager:Warning: DeleteFile was unable to delete 'C:/Users/User/Documents/GitHub/podracer/Content/FlyingBP/Maps/FlyingExampleMap.umap', retrying in .5s...
[2015.12.28-01.30.36:102][ 22]LogFileManager:Error: Error deleting file 'C:/Users/User/Documents/GitHub/podracer/Content/FlyingBP/Maps/FlyingExampleMap.umap'.
[2015.12.28-01.30.36:102][ 22]LogSavePackage:Error: Error saving 'C:/Users/User/Documents/GitHub/podracer/Content/FlyingBP/Maps/FlyingExampleMap.umap'
[2015.12.28-01.30.36:115][ 22]LogSavePackage: Total save time: 1671.461139ms
[2015.12.28-01.30.36:115][ 22]LogSavePackage:Display: Finished SavePackage C:/Users/User/Documents/GitHub/podracer/Content/FlyingBP/Maps/FlyingExampleMap.umap
[2015.12.28-01.30.36:123][ 22]EditorErrors: New page: Save Output
[2015.12.28-01.30.36:123][ 22]EditorErrors:Warning: Warning Error saving 'C:/Users/User/Documents/GitHub/podracer/Content/FlyingBP/Maps/FlyingExampleMap.umap'
[2015.12.28-01.32.54:056][391]Cmd: OBJ SAVEPACKAGE PACKAGE="/Game/FlyingExampleMap" FILE="C:/Users/User/Documents/GitHub/podracer/Content/FlyingExampleMap.umap" SILENT=true AUTOSAVING=false KEEPDIRTY=false
[2015.12.28-01.32.55:302][391]LogSavePackage: Save=1215.430420ms
[2015.12.28-01.32.55:302][391]LogSavePackage: Moving 'C:/Users/User/Documents/GitHub/podracer/Saved/FlyingExampleMapF96AA6F14BD2E13AE8C84CA71AA575AF.tmp' to 'C:/Users/User/Documents/GitHub/podracer/Content/FlyingExampleMap.umap'
[2015.12.28-01.32.55:311][391]LogSavePackage: Total save time: 1226.228353ms
[2015.12.28-01.32.55:311][391]LogSavePackage:Display: Finished SavePackage C:/Users/User/Documents/GitHub/podracer/Content/FlyingExampleMap.umap
[2015.12.28-01.32.55:378][391]LogFileHelpers: Saving map 'FlyingExampleMap' took 2.574
[2015.12.28-01.34.58:685][ 75]Cmd: OBJ SAVEPACKAGE PACKAGE="/Game/FlyingExampleMap" FILE="C:/Users/User/Documents/GitHub/podracer/Content/FlyingExampleMap.umap" SILENT=true AUTOSAVING=false KEEPDIRTY=false
[2015.12.28-01.34.59:942][ 75]LogSavePackage: Save=1197.914185ms
[2015.12.28-01.34.59:942][ 75]LogSavePackage: Moving 'C:/Users/User/Documents/GitHub/podracer/Saved/FlyingExampleMap35E346704137D4DD32AB44A04CDDD07B.tmp' to 'C:/Users/User/Documents/GitHub/podracer/Content/FlyingExampleMap.umap'
[2015.12.28-01.34.59:951][ 75]LogSavePackage: Total save time: 1240.496330ms
[2015.12.28-01.34.59:951][ 75]LogSavePackage:Display: Finished SavePackage C:/Users/User/Documents/GitHub/podracer/Content/FlyingExampleMap.umap
[2015.12.28-01.34.59:994][ 75]LogFileHelpers: Saving map 'FlyingExampleMap' took 1.530
[2015.12.28-01.39.35:505][108]Cmd: BRUSH ADD SELECTNEWBRUSH
[2015.12.28-01.39.58:887][639]Cmd: OBJ SAVEPACKAGE PACKAGE="/Game/FlyingExampleMap" FILE="C:/Users/User/Documents/GitHub/podracer/Content/FlyingExampleMap.umap" SILENT=true AUTOSAVING=false KEEPDIRTY=false
[2015.12.28-01.40.00:246][639]LogSavePackage: Save=1280.422852ms
[2015.12.28-01.40.00:246][639]LogSavePackage: Moving 'C:/Users/User/Documents/GitHub/podracer/Saved/FlyingExampleMap4001CE604601405F6A84269107CE3A82.tmp' to 'C:/Users/User/Documents/GitHub/podracer/Content/FlyingExampleMap.umap'
[2015.12.28-01.40.00:254][639]LogSavePackage: Total save time: 1341.999266ms
[2015.12.28-01.40.00:254][639]LogSavePackage:Display: Finished SavePackage C:/Users/User/Documents/GitHub/podracer/Content/FlyingExampleMap.umap
[2015.12.28-01.40.00:317][639]LogFileHelpers: Saving map 'FlyingExampleMap' took 1.569
[2015.12.28-01.41.21:859][170]Cmd: OBJ SAVEPACKAGE PACKAGE="/Game/FlyingExampleMap" FILE="C:/Users/User/Documents/GitHub/podracer/Content/FlyingExampleMap.umap" SILENT=true AUTOSAVING=false KEEPDIRTY=false
[2015.12.28-01.41.23:126][170]LogSavePackage: Save=1217.471680ms
[2015.12.28-01.41.23:126][170]LogSavePackage: Moving 'C:/Users/User/Documents/GitHub/podracer/Saved/FlyingExampleMap9F2960B546A48954A119DE80D9C4A5AD.tmp' to 'C:/Users/User/Documents/GitHub/podracer/Content/FlyingExampleMap.umap'
[2015.12.28-01.41.23:136][170]LogSavePackage: Total save time: 1230.040714ms
[2015.12.28-01.41.23:137][170]LogSavePackage:Display: Finished SavePackage C:/Users/User/Documents/GitHub/podracer/Content/FlyingExampleMap.umap
[2015.12.28-01.52.51:150][974]Cmd: QUIT_EDITOR
[2015.12.28-01.52.51:535][974]LogExit: Preparing to exit.
[2015.12.28-01.52.52:607][974]LogExit: Editor shut down
[2015.12.28-01.52.52:608][974]LogExit: Transaction tracking system shut down
[2015.12.28-01.52.52:695][974]LogParticles: Destroying 0 GPU particle simulations for FXSystem 0x00000000167D7600
[2015.12.28-01.52.52:698][974]LogParticles: Destroying 0 GPU particle simulations for FXSystem 0x000000001E788EA0
[2015.12.28-01.52.52:698][974]LogParticles: Destroying 0 GPU particle simulations for FXSystem 0x00000000346F5DA0
[2015.12.28-01.52.52:698][974]LogParticles: Destroying 0 GPU particle simulations for FXSystem 0x000000001E9DE980
[2015.12.28-01.52.54:002][974]LogExit: Object subsystem successfully closed.
[2015.12.28-01.52.54:295][974]LogD3D11RHI: Shutdown
[2015.12.28-01.52.54:295][974]LogD3D11RHI: CleanupD3DDevice
[2015.12.28-01.52.54:866][974]LogD3D11RHI: ~FD3D11DynamicRHI
[2015.12.28-01.52.55:396][974]LogModuleManager: Shutting down and abandoning module CookingStats (200)
[2015.12.28-01.52.55:396][974]LogModuleManager: Shutting down and abandoning module SynthBenchmark (199)
[2015.12.28-01.52.55:396][974]LogModuleManager: Shutting down and abandoning module CrashTracker (198)
[2015.12.28-01.52.55:396][974]LogModuleManager: Shutting down and abandoning module SceneOutliner (197)
[2015.12.28-01.52.55:396][974]LogModuleManager: Shutting down and abandoning module SuperSearch (196)
[2015.12.28-01.52.55:396][974]LogModuleManager: Shutting down and abandoning module WidgetCarousel (195)
[2015.12.28-01.52.55:396][974]LogModuleManager: Shutting down and abandoning module AddContentDialog (194)
[2015.12.28-01.52.55:424][974]LogModuleManager: Shutting down and abandoning module EditorWidgets (193)
[2015.12.28-01.52.55:424][974]LogModuleManager: Shutting down and abandoning module CollectionManager (192)
[2015.12.28-01.52.55:424][974]LogModuleManager: Shutting down and abandoning module StatsViewer (191)
[2015.12.28-01.52.55:451][974]LogModuleManager: Shutting down and abandoning module FoliageEdit (190)
[2015.12.28-01.52.55:451][974]LogModuleManager: Shutting down and abandoning module LandscapeEditor (189)
[2015.12.28-01.52.55:452][974]LogModuleManager: Shutting down and abandoning module ActorPickerMode (188)
[2015.12.28-01.52.55:452][974]LogModuleManager: Shutting down and abandoning module GeometryMode (187)
[2015.12.28-01.52.55:452][974]LogModuleManager: Shutting down and abandoning module TextureAlignMode (186)
[2015.12.28-01.52.55:452][974]LogModuleManager: Shutting down and abandoning module BspMode (185)
[2015.12.28-01.52.55:452][974]LogModuleManager: Shutting down and abandoning module PlacementMode (184)
[2015.12.28-01.52.55:452][974]LogModuleManager: Shutting down and abandoning module AutomationWorker (183)
[2015.12.28-01.52.55:452][974]LogModuleManager: Shutting down and abandoning module CharacterAI (182)
[2015.12.28-01.52.55:452][974]LogModuleManager: Shutting down and abandoning module SmartSnapping (181)
[2015.12.28-01.52.55:452][974]LogModuleManager: Shutting down and abandoning module ViewportSnapping (180)
[2015.12.28-01.52.55:452][974]LogModuleManager: Shutting down and abandoning module LogVisualizer (179)
[2015.12.28-01.52.55:462][974]LogModuleManager: Shutting down and abandoning module GameProjectGeneration (178)
[2015.12.28-01.52.55:509][974]LogModuleManager: Shutting down and abandoning module IntroTutorials (177)
[2015.12.28-01.52.55:521][974]LogModuleManager: Shutting down and abandoning module EditorLiveStreaming (176)
[2015.12.28-01.52.55:521][974]LogModuleManager: Shutting down and abandoning module IOSPlatformEditor (175)
[2015.12.28-01.52.55:521][974]LogModuleManager: Shutting down and abandoning module HTML5PlatformEditor (174)
[2015.12.28-01.52.55:521][974]LogModuleManager: Shutting down and abandoning module AndroidDeviceDetection (173)
[2015.12.28-01.52.56:341][974]LogModuleManager: Shutting down and abandoning module AndroidPlatformEditor (172)
[2015.12.28-01.52.56:341][974]LogModuleManager: Shutting down and abandoning module IOSRuntimeSettings (171)
[2015.12.28-01.52.56:341][974]LogModuleManager: Shutting down and abandoning module AndroidRuntimeSettings (170)
[2015.12.28-01.52.56:341][974]LogModuleManager: Shutting down and abandoning module MergeActors (169)
[2015.12.28-01.52.56:341][974]LogModuleManager: Shutting down and abandoning module SizeMap (168)
[2015.12.28-01.52.56:341][974]LogModuleManager: Shutting down and abandoning module TreeMap (167)
[2015.12.28-01.52.56:341][974]LogModuleManager: Shutting down and abandoning module ReferenceViewer (166)
[2015.12.28-01.52.56:341][974]LogModuleManager: Shutting down and abandoning module LocalizationService (165)
[2015.12.28-01.52.56:341][974]LogModuleManager: Shutting down and abandoning module LocalizationDashboard (164)
[2015.12.28-01.52.56:341][974]LogModuleManager: Shutting down and abandoning module HardwareTargeting (163)
[2015.12.28-01.52.56:342][974]LogModuleManager: Shutting down and abandoning module DeviceProfileEditor (162)
[2015.12.28-01.52.56:342][974]LogModuleManager: Shutting down and abandoning module UndoHistory (161)
[2015.12.28-01.52.56:342][974]LogModuleManager: Shutting down and abandoning module GameplayTagsEditor (160)
[2015.12.28-01.52.56:342][974]LogModuleManager: Shutting down and abandoning module UserFeedback (159)
[2015.12.28-01.52.56:342][974]LogModuleManager: Shutting down and abandoning module XmlParser (158)
[2015.12.28-01.52.56:342][974]LogModuleManager: Shutting down and abandoning module Blutility (157)
[2015.12.28-01.52.56:342][974]LogModuleManager: Shutting down and abandoning module ProjectTargetPlatformEditor (156)
[2015.12.28-01.52.56:342][974]LogModuleManager: Shutting down and abandoning module ProjectSettingsViewer (155)
[2015.12.28-01.52.56:342][974]LogModuleManager: Shutting down and abandoning module InputBindingEditor (154)
[2015.12.28-01.52.56:361][974]LogModuleManager: Shutting down and abandoning module EditorSettingsViewer (153)
[2015.12.28-01.52.56:361][974]LogModuleManager: Shutting down and abandoning module SettingsEditor (152)
[2015.12.28-01.52.56:375][974]LogModuleManager: Shutting down and abandoning module ProjectLauncher (151)
[2015.12.28-01.52.56:384][974]LogModuleManager: Shutting down and abandoning module SessionFrontend (150)
[2015.12.28-01.52.56:396][974]LogModuleManager: Shutting down and abandoning module ProfilerClient (149)
[2015.12.28-01.52.56:424][974]LogModuleManager: Shutting down and abandoning module TargetDeviceServices (148)
[2015.12.28-01.52.56:424][974]LogModuleManager: Shutting down and abandoning module DeviceManager (147)
[2015.12.28-01.52.56:436][974]LogModuleManager: Shutting down and abandoning module AutomationController (146)
[2015.12.28-01.52.56:447][974]LogModuleManager: Shutting down and abandoning module AutomationWindow (145)
[2015.12.28-01.52.56:452][974]LogModuleManager: Shutting down and abandoning module Layers (144)
[2015.12.28-01.52.56:478][974]LogModuleManager: Shutting down and abandoning module ComponentVisualizers (143)
[2015.12.28-01.52.56:478][974]LogModuleManager: Shutting down and abandoning module DetailCustomizations (142)
[2015.12.28-01.52.56:479][974]LogModuleManager: Shutting down and abandoning module PackagesDialog (141)
[2015.12.28-01.52.56:479][974]LogModuleManager: Shutting down and abandoning module Persona (140)
[2015.12.28-01.52.56:558][974]LogModuleManager: Shutting down and abandoning module Kismet (139)
[2015.12.28-01.52.56:571][974]LogModuleManager: Shutting down and abandoning module GraphEditor (138)
[2015.12.28-01.52.56:613][974]LogModuleManager: Shutting down and abandoning module ClassViewer (137)
[2015.12.28-01.52.56:627][974]LogModuleManager: Shutting down and abandoning module Toolbox (136)
[2015.12.28-01.52.56:627][974]LogModuleManager: Shutting down and abandoning module ModuleUI (135)
[2015.12.28-01.52.56:658][974]LogModuleManager: Shutting down and abandoning module MovieSceneTools (134)
[2015.12.28-01.52.56:668][974]LogModuleManager: Shutting down and abandoning module OutputLog (133)
[2015.12.28-01.52.56:668][974]LogModuleManager: Shutting down and abandoning module GammaUI (132)
[2015.12.28-01.52.56:668][974]LogModuleManager: Shutting down and abandoning module Documentation (131)
[2015.12.28-01.52.56:668][974]LogModuleManager: Shutting down and abandoning module GameLiveStreaming (130)
[2015.12.28-01.52.56:681][974]LogModuleManager: Shutting down and abandoning module StreamingPauseRendering (129)
[2015.12.28-01.52.56:681][974]LogModuleManager: Shutting down and abandoning module AnalyticsET (128)
[2015.12.28-01.52.56:682][974]LogModuleManager: Shutting down and abandoning module Analytics (127)
[2015.12.28-01.52.56:682][974]LogModuleManager: Shutting down and abandoning module AITestSuite (126)
[2015.12.28-01.52.56:704][974]LogModuleManager: Shutting down and abandoning module GameplayDebugger (125)
[2015.12.28-01.52.56:714][974]LogModuleManager: Shutting down and abandoning module AIModule (124)
[2015.12.28-01.52.56:714][974]LogModuleManager: Shutting down and abandoning module ProfilerService (123)
[2015.12.28-01.52.56:805][974]LogModuleManager: Shutting down and abandoning module TaskGraph (122)
[2015.12.28-01.52.56:820][974]LogModuleManager: Shutting down and abandoning module SlateRemote (121)
[2015.12.28-01.52.56:820][974]LogModuleManager: Shutting down and abandoning module SteamVRController (120)
[2015.12.28-01.52.56:820][974]LogModuleManager: Shutting down and abandoning module SteamVR (119)
[2015.12.28-01.52.56:820][974]LogModuleManager: Shutting down and abandoning module ProceduralMeshComponent (118)
[2015.12.28-01.52.56:820][974]LogModuleManager: Shutting down and abandoning module OculusLibrary (117)
[2015.12.28-01.52.56:820][974]LogModuleManager: Shutting down and abandoning module OculusInput (116)
[2015.12.28-01.52.56:820][974]LogModuleManager: Shutting down and abandoning module LeapMotionController (115)
[2015.12.28-01.52.56:883][974]LogModuleManager: Shutting down and abandoning module CustomMeshComponent (114)
[2015.12.28-01.52.56:883][974]LogModuleManager: Shutting down and abandoning module CableComponent (113)
[2015.12.28-01.52.56:885][974]LogModuleManager: Shutting down and abandoning module ArchVisCharacter (112)
[2015.12.28-01.52.56:885][974]LogModuleManager: Shutting down and abandoning module MessagingDebugger (111)
[2015.12.28-01.52.56:910][974]LogModuleManager: Shutting down and abandoning module MediaPlayerEditor (110)
[2015.12.28-01.52.56:943][974]LogModuleManager: Shutting down and abandoning module HTML5Networking (109)
[2015.12.28-01.52.56:943][974]LogModuleManager: Shutting down and abandoning module SpeedTreeImporter (108)
[2015.12.28-01.52.56:943][974]LogModuleManager: Shutting down and abandoning module PluginBrowser (107)
[2015.12.28-01.52.56:944][974]LogModuleManager: Shutting down and abandoning module EpicSurvey (106)
[2015.12.28-01.52.56:947][974]LogModuleManager: Shutting down and abandoning module DesktopPlatform (105)
[2015.12.28-01.52.56:956][974]LogModuleManager: Shutting down and abandoning module VisualStudioSourceCodeAccess (104)
[2015.12.28-01.52.56:956][974]LogModuleManager: Shutting down and abandoning module UObjectPlugin (103)
[2015.12.28-01.52.56:956][974]LogModuleManager: Shutting down and abandoning module SubversionSourceControl (102)
[2015.12.28-01.52.56:974][974]LogModuleManager: Shutting down and abandoning module PerforceSourceControl (101)
[2015.12.28-01.52.57:007][974]LogModuleManager: Shutting down and abandoning module SourceControl (100)
[2015.12.28-01.52.57:038][974]LogModuleManager: Shutting down and abandoning module GitSourceControl (99)
[2015.12.28-01.52.57:053][974]LogModuleManager: Shutting down and abandoning module LightPropagationVolumeEditor (98)
[2015.12.28-01.52.57:053][974]LogModuleManager: Shutting down and abandoning module PaperTiledImporter (97)
[2015.12.28-01.52.57:053][974]LogModuleManager: Shutting down and abandoning module PaperSpriteSheetImporter (96)
[2015.12.28-01.52.57:053][974]LogModuleManager: Shutting down and abandoning module MeshPaint (95)
[2015.12.28-01.52.57:053][974]LogModuleManager: Shutting down and abandoning module SlateReflector (94)
[2015.12.28-01.52.57:065][974]LogModuleManager: Shutting down and abandoning module HotReload (93)
[2015.12.28-01.52.57:065][974]LogModuleManager: Shutting down and abandoning module MainFrame (92)
[2015.12.28-01.52.57:065][974]LogModuleManager: Shutting down and abandoning module LevelEditor (91)
[2015.12.28-01.52.57:066][974]LogModuleManager: Shutting down and abandoning module DirectoryWatcher (90)
[2015.12.28-01.52.57:067][974]LogModuleManager: Shutting down and abandoning module AssetRegistry (89)
[2015.12.28-01.52.57:175][974]LogModuleManager: Shutting down and abandoning module ContentBrowser (88)
[2015.12.28-01.52.57:176][974]LogModuleManager: Shutting down and abandoning module Paper2DEditor (87)
[2015.12.28-01.52.57:200][974]LogModuleManager: Shutting down and abandoning module UdpMessaging (86)
[2015.12.28-01.52.57:300][974]LogModuleManager: Shutting down and abandoning module LightPropagationVolumeRuntime (85)
[2015.12.28-01.52.57:300][974]LogModuleManager: Shutting down and abandoning module Paper2D (84)
[2015.12.28-01.52.57:309][974]LogModuleManager: Shutting down and abandoning module WindowsMoviePlayer (83)
[2015.12.28-01.52.57:328][974]LogModuleManager: Shutting down and abandoning module Media (82)
[2015.12.28-01.52.57:328][974]LogModuleManager: Shutting down and abandoning module WmfMedia (81)
[2015.12.28-01.52.57:336][974]LogModuleManager: Shutting down and abandoning module OnlineBlueprintSupport (80)
[2015.12.28-01.52.57:336][974]LogModuleManager: Shutting down and abandoning module GameplayTasksEditor (79)
[2015.12.28-01.52.57:336][974]LogModuleManager: Shutting down and abandoning module PropertyEditor (78)
[2015.12.28-01.52.57:336][974]LogModuleManager: Shutting down and abandoning module BehaviorTreeEditor (77)
[2015.12.28-01.52.57:380][974]LogModuleManager: Shutting down and abandoning module FunctionalTesting (76)
[2015.12.28-01.52.57:380][974]LogModuleManager: Shutting down and abandoning module CollisionAnalyzer (75)
[2015.12.28-01.52.57:391][974]LogModuleManager: Shutting down and abandoning module WorkspaceMenuStructure (74)
[2015.12.28-01.52.57:391][974]LogModuleManager: Shutting down and abandoning module MessageLog (73)
[2015.12.28-01.52.57:391][974]LogModuleManager: Shutting down and abandoning module Sequencer (72)
[2015.12.28-01.52.57:430][974]LogModuleManager: Shutting down and abandoning module AssetTools (71)
[2015.12.28-01.52.57:452][974]LogModuleManager: Shutting down and abandoning module UMGEditor (70)
[2015.12.28-01.52.57:482][974]LogModuleManager: Shutting down and abandoning module UMG (69)
[2015.12.28-01.52.57:508][974]LogModuleManager: Shutting down and abandoning module Slate (68)
[2015.12.28-01.52.57:508][974]LogModuleManager: Shutting down and abandoning module EditorStyle (67)
[2015.12.28-01.52.57:510][974]LogModuleManager: Shutting down and abandoning module SessionServices (66)
[2015.12.28-01.52.57:510][974]LogModuleManager: Shutting down and abandoning module SourceCodeAccess (65)
[2015.12.28-01.52.57:510][974]LogModuleManager: Shutting down and abandoning module HeadMountedDisplay (64)
[2015.12.28-01.52.57:510][974]LogModuleManager: Shutting down and abandoning module XAudio2 (63)
[2015.12.28-01.52.57:510][974]LogModuleManager: Shutting down and abandoning module Networking (61)
[2015.12.28-01.52.57:510][974]LogModuleManager: Shutting down and abandoning module Core (60)
[2015.12.28-01.52.57:510][974]LogModuleManager: Shutting down and abandoning module KismetCompiler (59)
[2015.12.28-01.52.57:510][974]LogModuleManager: Shutting down and abandoning module PhysXFormats (58)
[2015.12.28-01.52.57:510][974]LogModuleManager: Shutting down and abandoning module MeshUtilities (57)
[2015.12.28-01.52.57:533][974]LogModuleManager: Shutting down and abandoning module DerivedDataCache (56)
[2015.12.28-01.52.57:625][974]LogDerivedDataCache: Shutdown
[2015.12.28-01.52.57:625][974]LogModuleManager: Shutting down and abandoning module ShaderFormatOpenGL (55)
[2015.12.28-01.52.57:640][974]LogModuleManager: Shutting down and abandoning module ShaderFormatD3D (54)
[2015.12.28-01.52.57:646][974]LogModuleManager: Shutting down and abandoning module MetalShaderFormat (53)
[2015.12.28-01.52.57:661][974]LogModuleManager: Shutting down and abandoning module TextureFormatUncompressed (52)
[2015.12.28-01.52.57:661][974]LogModuleManager: Shutting down and abandoning module TextureFormatPVR (51)
[2015.12.28-01.52.57:675][974]LogModuleManager: Shutting down and abandoning module TextureFormatIntelISPCTexComp (50)
[2015.12.28-01.52.57:679][974]LogModuleManager: Shutting down and abandoning module TextureFormatDXT (49)
[2015.12.28-01.52.57:688][974]LogModuleManager: Shutting down and abandoning module ImageWrapper (48)
[2015.12.28-01.52.57:689][974]LogModuleManager: Shutting down and abandoning module TextureFormatASTC (47)
[2015.12.28-01.52.57:689][974]LogModuleManager: Shutting down and abandoning module TextureFormatAndroid (46)
[2015.12.28-01.52.57:689][974]LogModuleManager: Shutting down and abandoning module AudioFormatOpus (45)
[2015.12.28-01.52.57:696][974]LogModuleManager: Shutting down and abandoning module AudioFormatOgg (44)
[2015.12.28-01.52.57:700][974]LogModuleManager: Shutting down and abandoning module AudioFormatADPCM (43)
[2015.12.28-01.52.57:707][974]LogModuleManager: Shutting down and abandoning module LinuxTargetPlatform (42)
[2015.12.28-01.52.57:707][974]LogModuleManager: Shutting down and abandoning module LinuxServerTargetPlatform (41)
[2015.12.28-01.52.57:726][974]LogModuleManager: Shutting down and abandoning module LinuxNoEditorTargetPlatform (40)
[2015.12.28-01.52.57:731][974]LogModuleManager: Shutting down and abandoning module Messaging (39)
[2015.12.28-01.52.57:731][974]LogModuleManager: Shutting down and abandoning module IOSTargetPlatform (38)
[2015.12.28-01.52.57:731][974]LogModuleManager: Shutting down and abandoning module HTML5TargetPlatform (37)
[2015.12.28-01.52.57:731][974]LogModuleManager: Shutting down and abandoning module Android_PVRTCTargetPlatform (36)
[2015.12.28-01.52.57:732][974]LogModuleManager: Shutting down and abandoning module Android_MultiTargetPlatform (35)
[2015.12.28-01.52.57:732][974]LogModuleManager: Shutting down and abandoning module Android_ETC2TargetPlatform (34)
[2015.12.28-01.52.57:732][974]LogModuleManager: Shutting down and abandoning module Android_ETC1TargetPlatform (33)
[2015.12.28-01.52.57:732][974]LogModuleManager: Shutting down and abandoning module Android_DXTTargetPlatform (32)
[2015.12.28-01.52.57:732][974]LogModuleManager: Shutting down and abandoning module Android_ATCTargetPlatform (31)
[2015.12.28-01.52.57:732][974]LogModuleManager: Shutting down and abandoning module Android_ASTCTargetPlatform (30)
[2015.12.28-01.52.57:732][974]LogModuleManager: Shutting down and abandoning module AndroidTargetPlatform (29)
[2015.12.28-01.52.57:732][974]LogModuleManager: Shutting down and abandoning module WindowsTargetPlatform (28)
[2015.12.28-01.52.57:732][974]LogModuleManager: Shutting down and abandoning module WindowsServerTargetPlatform (27)
[2015.12.28-01.52.57:750][974]LogModuleManager: Shutting down and abandoning module WindowsNoEditorTargetPlatform (26)
[2015.12.28-01.52.57:760][974]LogModuleManager: Shutting down and abandoning module WindowsClientTargetPlatform (25)
[2015.12.28-01.52.57:764][974]LogModuleManager: Shutting down and abandoning module AllDesktopTargetPlatform (24)
[2015.12.28-01.52.57:764][974]LogModuleManager: Shutting down and abandoning module TargetPlatform (23)
[2015.12.28-01.52.57:764][974]LogModuleManager: Shutting down and abandoning module InputCore (22)
[2015.12.28-01.52.57:764][974]LogModuleManager: Shutting down and abandoning module Settings (21)
[2015.12.28-01.52.57:764][974]LogModuleManager: Shutting down and abandoning module OnlineSubsystem (19)
[2015.12.28-01.52.57:764][974]LogModuleManager: Shutting down and abandoning module HTTP (18)
[2015.12.28-01.52.59:765][974]LogModuleManager: Shutting down and abandoning module XMPP (17)
[2015.12.28-01.52.59:820][974]LogModuleManager: Shutting down and abandoning module OculusRift (16)
[2015.12.28-01.52.59:848][974]LogModuleManager: Shutting down and abandoning module ExampleDeviceProfileSelector (15)
[2015.12.28-01.52.59:848][974]LogModuleManager: Shutting down and abandoning module TextureCompressor (14)
[2015.12.28-01.52.59:877][974]LogModuleManager: Shutting down and abandoning module ShaderCore (13)
[2015.12.28-01.52.59:877][974]LogModuleManager: Shutting down and abandoning module Landscape (12)
[2015.12.28-01.52.59:877][974]LogModuleManager: Shutting down and abandoning module SlateRHIRenderer (11)
[2015.12.28-01.52.59:889][974]LogModuleManager: Shutting down and abandoning module OpenGLDrv (10)
[2015.12.28-01.52.59:911][974]LogModuleManager: Shutting down and abandoning module D3D11RHI (9)
[2015.12.28-01.52.59:911][974]LogModuleManager: Shutting down and abandoning module AnimGraphRuntime (8)
[2015.12.28-01.52.59:920][974]LogModuleManager: Shutting down and abandoning module Renderer (7)
[2015.12.28-01.52.59:920][974]LogModuleManager: Shutting down and abandoning module Engine (6)
[2015.12.28-01.52.59:920][974]LogModuleManager: Shutting down and abandoning module CoreUObject (5)
[2015.12.28-01.52.59:920][974]LogModuleManager: Shutting down and abandoning module NetworkFile (4)
[2015.12.28-01.52.59:955][974]LogModuleManager: Shutting down and abandoning module StreamingFile (3)
[2015.12.28-01.52.59:962][974]LogModuleManager: Shutting down and abandoning module SandboxFile (2)
[2015.12.28-01.52.59:972][974]LogModuleManager: Shutting down and abandoning module PakFile (1)
[2015.12.28-01.52.59:990][974]LogExit: Exiting.
[2015.12.28-01.53.00:009][974]Log file closed, 12/28/15 02:53:00
