[2015.12.28-00.18.48:856][  0]Log file open, 12/28/15 01:18:48
[2015.12.28-00.18.48:856][  0]LogInit:Display: Running engine for game: podracer
[2015.12.28-00.18.48:856][  0]LogPlatformFile: Not using cached read wrapper
[2015.12.28-00.18.48:856][  0]LogInit:Display: RandInit(1386389195) SRandInit(1386389197).
[2015.12.28-00.18.48:856][  0]LogTaskGraph: Started task graph with 4 named threads and 7 total threads.
[2015.12.28-00.18.48:856][  0]LogStats: Stats thread started at 0.066536
[2015.12.28-00.18.48:856][  0]LogInit: Version: 4.10.1-2791327+++depot+UE4-Releases+4.10
[2015.12.28-00.18.48:856][  0]LogInit: API Version: 2758231
[2015.12.28-00.18.48:856][  0]LogInit: Compiled (64-bit): Dec  4 2015 19:44:40
[2015.12.28-00.18.48:856][  0]LogInit: Compiled with Visual C++: 19.00.23026.00
[2015.12.28-00.18.48:856][  0]LogInit: Build Configuration: Development
[2015.12.28-00.18.48:856][  0]LogInit: Branch Name: ++depot+UE4-Releases+4.10
[2015.12.28-00.18.48:856][  0]LogInit: Command line: 
[2015.12.28-00.18.48:856][  0]LogInit: Base directory: D:/Unreal Engine/Epic Games/4.10/Engine/Binaries/Win64/
[2015.12.28-00.18.48:856][  0]LogInit: Rocket: 1
[2015.12.28-00.18.48:859][  0]LogInit: Using libcurl 7.41.0
[2015.12.28-00.18.48:859][  0]LogInit:  - built for x86_64-pc-win32
[2015.12.28-00.18.48:859][  0]LogInit:  - supports SSL with WinSSL
[2015.12.28-00.18.48:860][  0]LogInit:  - other features:
[2015.12.28-00.18.48:860][  0]LogInit:      CURL_VERSION_SSL
[2015.12.28-00.18.48:860][  0]LogInit:      CURL_VERSION_IPV6
[2015.12.28-00.18.48:860][  0]LogInit:      CURL_VERSION_ASYNCHDNS
[2015.12.28-00.18.48:860][  0]LogInit:      CURL_VERSION_LARGEFILE
[2015.12.28-00.18.48:860][  0]LogInit:      CURL_VERSION_IDN
[2015.12.28-00.18.48:860][  0]LogInit:  CurlRequestOptions (configurable via config and command line):
[2015.12.28-00.18.48:860][  0]LogInit:  - bVerifyPeer = true  - Libcurl will verify peer certificate
[2015.12.28-00.18.48:860][  0]LogInit:  - bUseHttpProxy = false  - Libcurl will NOT use HTTP proxy
[2015.12.28-00.18.48:860][  0]LogInit:  - bDontReuseConnections = false  - Libcurl will reuse connections
[2015.12.28-00.18.48:860][  0]LogInit:  - CertBundlePath = nullptr  - Libcurl will use whatever was configured at build time.
[2015.12.28-00.18.48:864][  0]LogInit: Presizing for 0 objects not considered by GC, pre-allocating 0 bytes.
[2015.12.28-00.18.48:868][  0]LogInit: Object subsystem initialized
[2015.12.28-00.18.48:869][  0]LogInit: Selected Device Profile: [Windows]
[2015.12.28-00.18.48:869][  0]LogInit: Applying CVar settings loaded from the selected device profile: [Windows]
[2015.12.28-00.18.48:873][  0]LogInit: Computer: ARIEL
[2015.12.28-00.18.48:873][  0]LogInit: User: Balazs
[2015.12.28-00.18.48:873][  0]LogInit: CPU Page size=4096, Cores=4
[2015.12.28-00.18.48:873][  0]LogInit: High frequency timer resolution =3.328125 MHz
[2015.12.28-00.18.48:873][  0]LogMemory: Memory total: Physical=15.9GB (16GB approx)
[2015.12.28-00.18.48:873][  0]LogMemory: Platform Memory Stats for Windows
[2015.12.28-00.18.48:873][  0]LogMemory: Process Physical Memory: 56.07 MB used, 56.07 MB peak
[2015.12.28-00.18.48:873][  0]LogMemory: Process Virtual Memory: 58.66 MB used, 58.66 MB peak
[2015.12.28-00.18.48:873][  0]LogMemory: Physical Memory: 3899.79 MB used, 16299.90 MB total
[2015.12.28-00.18.48:873][  0]LogMemory: Virtual Memory: 381.57 MB used, 134217728.00 MB total
[2015.12.28-00.18.48:899][  0]LogTextLocalizationManager: No translations for ('hu-HU') exist, falling back to 'en' for localization and internationalization data.
[2015.12.28-00.18.49:242][  0]LogD3D11RHI: Found D3D11 adapter 0: NVIDIA GeForce GTX 960 (Feature Level 11_0)
[2015.12.28-00.18.49:242][  0]LogD3D11RHI: Adapter has 4010MB of dedicated video memory, 0MB of dedicated system memory, and 8149MB of shared system memory, 1 output[s]
[2015.12.28-00.18.49:243][  0]LogD3D11RHI: Found D3D11 adapter 1: Microsoft Basic Render Driver (Feature Level 11_0)
[2015.12.28-00.18.49:243][  0]LogD3D11RHI: Adapter has 0MB of dedicated video memory, 0MB of dedicated system memory, and 8149MB of shared system memory, 0 output[s]
[2015.12.28-00.18.49:243][  0]LogD3D11RHI: Chosen D3D11 Adapter Id = 0
[2015.12.28-00.18.49:246][  0]LogD3D11RHI: !Direct3DDevice
[2015.12.28-00.18.49:246][  0]LogRHI: Texture pool is 1361 MB (70% of 1945 MB)
[2015.12.28-00.18.49:257][  0]LogD3D11RHI: Async texture creation enabled
[2015.12.28-00.18.49:272][  0]LogShaderCompilers: Guid format shader working directory is 0 characters bigger than the processId version (../../../../../../UE4/game01 pod racer/podracer/Intermediate/Shaders/WorkingDirectory/7680/).
[2015.12.28-00.18.49:272][  0]LogShaderCompilers: Cleaned the shader compiler working directory 'C:/Users/Balazs/AppData/Local/Temp/UnrealShaderWorkingDir/F897836149ECCD06022420959ECB4962/'.
[2015.12.28-00.18.49:272][  0]LogShaderCompilers:Display: Using Local Shader Compiler.
[2015.12.28-00.18.49:861][  0]LogTemp:Display: Loaded TP AllDesktopTargetPlatform
[2015.12.28-00.18.49:864][  0]LogTemp:Display: Loaded TP WindowsClientTargetPlatform
[2015.12.28-00.18.49:867][  0]LogTemp:Display: Loaded TP WindowsNoEditorTargetPlatform
[2015.12.28-00.18.49:870][  0]LogTemp:Display: Loaded TP WindowsServerTargetPlatform
[2015.12.28-00.18.49:873][  0]LogTemp:Display: Loaded TP WindowsTargetPlatform
[2015.12.28-00.18.49:875][  0]LogTemp:Display: Loaded TP AndroidTargetPlatform
[2015.12.28-00.18.49:876][  0]LogTemp:Display: Loaded TP Android_ASTCTargetPlatform
[2015.12.28-00.18.49:878][  0]LogTemp:Display: Loaded TP Android_ATCTargetPlatform
[2015.12.28-00.18.49:881][  0]LogTemp:Display: Loaded TP Android_DXTTargetPlatform
[2015.12.28-00.18.49:883][  0]LogTemp:Display: Loaded TP Android_ETC1TargetPlatform
[2015.12.28-00.18.49:885][  0]LogTemp:Display: Loaded TP Android_ETC2TargetPlatform
[2015.12.28-00.18.49:890][  0]LogTemp:Display: Loaded TP Android_MultiTargetPlatform
[2015.12.28-00.18.49:890][  0]LogTemp:Display: Loaded TP Android_PVRTCTargetPlatform
[2015.12.28-00.18.49:890][  0]LogTemp:Display: Loaded TP HTML5TargetPlatform
[2015.12.28-00.18.49:904][  0]LogTemp:Display: Loaded TP IOSTargetPlatform
[2015.12.28-00.18.49:907][  0]LogTemp:Display: Loaded TP LinuxNoEditorTargetPlatform
[2015.12.28-00.18.49:909][  0]LogTemp:Display: Loaded TP LinuxServerTargetPlatform
[2015.12.28-00.18.49:911][  0]LogTemp:Display: Loaded TP LinuxTargetPlatform
[2015.12.28-00.18.49:911][  0]LogTargetPlatformManager:Display: Building Assets For Windows
[2015.12.28-00.18.49:956][  0]LogDerivedDataCache:Display: Max Cache Size: 512 MB
[2015.12.28-00.18.49:997][  0]LogDerivedDataCache: Loaded boot cache 0.04s 41MB C:/Users/Balazs/AppData/Local/UnrealEngine/4.10/DerivedDataCache/Boot.ddc.
[2015.12.28-00.18.49:997][  0]LogDerivedDataCache:Display: Loaded Boot cache: C:/Users/Balazs/AppData/Local/UnrealEngine/4.10/DerivedDataCache/Boot.ddc
[2015.12.28-00.18.49:998][  0]LogDerivedDataCache: FDerivedDataBackendGraph:  Pak pak cache file ../../../../../../UE4/game01 pod racer/podracer/DerivedDataCache/DDC.ddp not found, will not use a pak cache.
[2015.12.28-00.18.49:998][  0]LogDerivedDataCache: Unable to find inner node Pak for hierarchical cache Hierarchy.
[2015.12.28-00.18.49:998][  0]LogDerivedDataCache: FDerivedDataBackendGraph:  CompressedPak pak cache file ../../../../../../UE4/game01 pod racer/podracer/DerivedDataCache/Compressed.ddp not found, will not use a pak cache.
[2015.12.28-00.18.49:998][  0]LogDerivedDataCache: Unable to find inner node CompressedPak for hierarchical cache Hierarchy.
[2015.12.28-00.18.50:043][  0]LogDerivedDataCache:Display: Pak cache opened for reading ../../../Engine/DerivedDataCache/Compressed.ddp.
[2015.12.28-00.18.50:055][  0]LogDerivedDataCache: Using Local data cache path C:/Users/Balazs/AppData/Local/UnrealEngine/Common/DerivedDataCache: Writable
[2015.12.28-00.18.50:180][  0]LogInit: Selected Device Profile: [Windows]
[2015.12.28-00.18.50:182][  0]LogContentStreaming: Texture pool size is 0.000000MB
[2015.12.28-00.18.50:269][  0]LogMeshUtilities: No automatic mesh reduction module available
[2015.12.28-00.18.50:269][  0]LogMeshUtilities: No automatic mesh merging module available
[2015.12.28-00.18.50:445][  0]LogInit: WinSock: version 1.1 (2.2), MaxSocks=32767, MaxUdp=65467
[2015.12.28-00.18.50:947][  0]UdpMessaging: Initializing bridge on interface 0.0.0.0:0 to multicast group 230.0.0.1:6666.
[2015.12.28-00.18.51:031][  0]LogAssetRegistry: FAssetRegistry took 0.0110 seconds to start up
[2015.12.28-00.18.51:137][  0]SourceControl: Info Source control is disabled
[2015.12.28-00.18.51:138][  0]SourceControl: Info Source control is disabled
[2015.12.28-00.18.51:144][  0]SourceControl: Info Source control is disabled
[2015.12.28-00.18.51:151][  0]SourceControl: Info Source control is disabled
[2015.12.28-00.18.51:277][  0]LogObj: 28633 objects as part of root set at end of initial load.
[2015.12.28-00.18.51:277][  0]LogUObjectAllocator: 6099752 out of 0 bytes used by permanent object pool.
[2015.12.28-00.18.51:321][  0]LogEngine: Initializing Engine...
[2015.12.28-00.18.51:324][  0]LogHMD: Can't find Oculus library dev build: is proper Runtime installed? Version: 0.8.0.0
[2015.12.28-00.18.51:324][  0]LogHMD: SteamVR failed to initialize.  Err: 110
[2015.12.28-00.18.51:417][  0]LogAIModule: Creating AISystem for world NewWorld
[2015.12.28-00.18.51:422][  0]LogInit: XAudio2 using 'Hangszórók (USB Headphone Set)' : 2 channels at 48 kHz using 16 bits per sample (channel mask 0x3)
[2015.12.28-00.18.51:427][  0]LogInit: FAudioDevice initialized.
[2015.12.28-00.18.51:451][  0]LogDerivedDataCache: Saved boot cache 0.02s 41MB C:/Users/Balazs/AppData/Local/UnrealEngine/4.10/DerivedDataCache/Boot.ddc.
[2015.12.28-00.18.51:455][  0]LogInit: Texture streaming: Enabled
[2015.12.28-00.18.51:458][  0]LogAnalytics: Creating configured Analytics provider AnalyticsET
[2015.12.28-00.18.51:458][  0]LogAnalytics: [UEEditor.Rocket.Release] APIServer = http://et2.epicgames.com/ET2/. AppVersion = 4.10.1-2791327+++depot+UE4-Releases+4.10
[2015.12.28-00.18.51:458][  0]LogAnalytics: [UEEditor.Rocket.Release] SetUserId 355d7eaa461d96e1ab96da998ac3b8a9|00d7b1a357fd47ef9a98201eff08c4a2|b134897b-75d8-4416-b8dc-28adc0c1d462
[2015.12.28-00.18.51:458][  0]LogAnalytics: [UEEditor.Rocket.Release] AnalyticsET::StartSession
[2015.12.28-00.18.51:479][  0]LogInit: Transaction tracking system initialized
[2015.12.28-00.18.51:494][  0]BlueprintLog: New page: Editor Load
[2015.12.28-00.18.51:632][  0]LocalizationService: Info Localization service is disabled
[2015.12.28-00.18.51:675][  0]LogConsoleResponse:Display: 
[2015.12.28-00.18.51:763][  0]LogCook:Display: Done creating registry. It took  0.00s.
[2015.12.28-00.18.51:793][  0]LogFileCache: Scanning file cache for directory 'D:/UE4/game01 pod racer/podracer/Content/' took 0.01s
[2015.12.28-00.18.51:793][  0]SourceControl: Info Source control is disabled
[2015.12.28-00.18.51:793][  0]Cmd: MAP LOAD FILE="../../../../../../UE4/game01 pod racer/podracer/Content/FlyingBP/Maps/FlyingExampleMap.umap" TEMPLATE=0 SHOWPROGRESS=1 FEATURELEVEL=3
[2015.12.28-00.18.51:793][  0]LightingResults: New page: Lighting Build
[2015.12.28-00.18.51:795][  0]MapCheck: New page: Map Check
[2015.12.28-00.18.51:795][  0]LightingResults: New page: Lighting Build
[2015.12.28-00.18.51:804][  0]LogParticles: Destroying 0 GPU particle simulations for FXSystem 0x000000E7F0C43B00
[2015.12.28-00.18.52:115][  0]LogAIModule: Creating AISystem for world FlyingExampleMap
[2015.12.28-00.18.52:124][  0]LogEditorServer: Finished looking for orphan Actors (0.000 secs)
[2015.12.28-00.18.52:125][  0]Cmd: MAP CHECKDEP NOCLEARLOG
[2015.12.28-00.18.52:154][  0]MapCheck: Info Map check complete: 0 Error(s), 0 Warning(s), took 28.55ms to complete.
[2015.12.28-00.18.52:154][  0]LogFileHelpers: Loading map 'FlyingExampleMap' took 0.361
[2015.12.28-00.18.52:287][  0]LogCollectionManager: Loaded 0 collections in 0.000910 seconds
[2015.12.28-00.18.52:323][  0]LogFileCache: Scanning file cache for directory 'D:/UE4/game01 pod racer/podracer/Saved/Collections/' took 0.01s
[2015.12.28-00.18.52:323][  0]LogFileCache: Scanning file cache for directory 'D:/UE4/game01 pod racer/podracer/Content/Developers/Balazs/Collections/' took 0.01s
[2015.12.28-00.18.52:323][  0]LogFileCache: Scanning file cache for directory 'D:/UE4/game01 pod racer/podracer/Content/Collections/' took 0.01s
[2015.12.28-00.18.52:323][  0]LogCollectionManager: Rebuilt the GUID cache for 0 collections in 0.000001 seconds
[2015.12.28-00.18.52:329][  0]LogContentBrowser: Native class hierarchy populated in 0.0059 seconds. Added 1893 classes and 338 folders.
[2015.12.28-00.18.52:339][  0]LogContentBrowser: Native class hierarchy updated for 'WidgetCarousel' in 0.0002 seconds. Added 0 classes and 0 folders.
[2015.12.28-00.18.52:364][  0]LogContentBrowser: Native class hierarchy updated for 'AddContentDialog' in 0.0003 seconds. Added 0 classes and 0 folders.
[2015.12.28-00.18.52:368][  0]LogContentBrowser: Native class hierarchy updated for 'SceneOutliner' in 0.0003 seconds. Added 1 classes and 2 folders.
[2015.12.28-00.18.52:386][  0]LogCrashTracker: Crashtracker disabled due to settings.
[2015.12.28-00.18.52:432][  0]LogLoad: Full Startup: 3.84 seconds (BP compile: 0.06 seconds)
[2015.12.28-00.18.52:443][  0]LogOcInput: Can't find Oculus library dev build: is proper Runtime installed? Version: 0.8.0.0
[2015.12.28-00.18.52:489][  0]LogContentStreaming: Texture pool size now 1000 MB
[2015.12.28-00.18.52:620][  0]LogRenderer: Reallocating scene render targets to support 852x368 (Frame:2).
[2015.12.28-00.18.53:343][  3]LogAssetRegistry: Asset discovery search completed in 2.3237 seconds
[2015.12.28-00.18.53:343][  3]LogCollectionManager: Rebuilt the object cache for 0 collections in 0.000001 seconds (found 0 objects)
[2015.12.28-00.18.53:343][  3]LogCollectionManager: Fixed up redirectors for 0 collections in 0.000019 seconds (updated 0 objects)
[2015.12.28-00.19.58:922][701]LogSavePackage: Save=633.960876ms
[2015.12.28-00.19.58:922][701]LogSavePackage: Moving '../../../../../../UE4/game01 pod racer/podracer/Saved/FlyingExampleMap946F8AD44889C4257838C9A0686D057B.tmp' to '../../../../../../UE4/game01 pod racer/podracer/Content/FlyingBP/Maps/FlyingExampleMap.umap'
[2015.12.28-00.19.58:925][701]LogSavePackage: Total save time: 653.373595ms
[2015.12.28-00.19.58:925][701]LogSavePackage:Display: Finished SavePackage ../../../../../../UE4/game01 pod racer/podracer/Content/FlyingBP/Maps/FlyingExampleMap.umap
[2015.12.28-00.23.27:224][967]LogWindowsTextInputMethodSystem:Display: IME system now deactivated.
[2015.12.28-00.23.27:440][968]Cmd: QUIT_EDITOR
[2015.12.28-00.23.27:539][968]LogExit: Preparing to exit.
[2015.12.28-00.23.28:127][968]LogExit: Editor shut down
[2015.12.28-00.23.28:127][968]LogExit: Transaction tracking system shut down
[2015.12.28-00.23.28:128][968]LogParticles: Destroying 0 GPU particle simulations for FXSystem 0x000000E7E07202C0
[2015.12.28-00.23.28:130][968]LogParticles: Destroying 0 GPU particle simulations for FXSystem 0x000000E7FF071DA0
[2015.12.28-00.23.28:130][968]LogParticles: Destroying 0 GPU particle simulations for FXSystem 0x000000E78015E3E0
[2015.12.28-00.23.28:239][968]LogExit: Object subsystem successfully closed.
[2015.12.28-00.23.28:245][968]LogD3D11RHI: Shutdown
[2015.12.28-00.23.28:246][968]LogD3D11RHI: CleanupD3DDevice
[2015.12.28-00.23.28:290][968]LogD3D11RHI: ~FD3D11DynamicRHI
[2015.12.28-00.23.28:297][968]LogModuleManager: Shutting down and abandoning module CookingStats (199)
[2015.12.28-00.23.28:297][968]LogModuleManager: Shutting down and abandoning module CrashTracker (198)
[2015.12.28-00.23.28:297][968]LogModuleManager: Shutting down and abandoning module SceneOutliner (197)
[2015.12.28-00.23.28:297][968]LogModuleManager: Shutting down and abandoning module SuperSearch (196)
[2015.12.28-00.23.28:297][968]LogModuleManager: Shutting down and abandoning module WidgetCarousel (195)
[2015.12.28-00.23.28:297][968]LogModuleManager: Shutting down and abandoning module AddContentDialog (194)
[2015.12.28-00.23.28:298][968]LogModuleManager: Shutting down and abandoning module EditorWidgets (193)
[2015.12.28-00.23.28:298][968]LogModuleManager: Shutting down and abandoning module CollectionManager (192)
[2015.12.28-00.23.28:298][968]LogModuleManager: Shutting down and abandoning module StatsViewer (191)
[2015.12.28-00.23.28:298][968]LogModuleManager: Shutting down and abandoning module FoliageEdit (190)
[2015.12.28-00.23.28:298][968]LogModuleManager: Shutting down and abandoning module LandscapeEditor (189)
[2015.12.28-00.23.28:299][968]LogModuleManager: Shutting down and abandoning module ActorPickerMode (188)
[2015.12.28-00.23.28:299][968]LogModuleManager: Shutting down and abandoning module GeometryMode (187)
[2015.12.28-00.23.28:299][968]LogModuleManager: Shutting down and abandoning module TextureAlignMode (186)
[2015.12.28-00.23.28:299][968]LogModuleManager: Shutting down and abandoning module BspMode (185)
[2015.12.28-00.23.28:299][968]LogModuleManager: Shutting down and abandoning module PlacementMode (184)
[2015.12.28-00.23.28:299][968]LogModuleManager: Shutting down and abandoning module AutomationWorker (183)
[2015.12.28-00.23.28:299][968]LogModuleManager: Shutting down and abandoning module CharacterAI (182)
[2015.12.28-00.23.28:299][968]LogModuleManager: Shutting down and abandoning module SmartSnapping (181)
[2015.12.28-00.23.28:299][968]LogModuleManager: Shutting down and abandoning module ViewportSnapping (180)
[2015.12.28-00.23.28:299][968]LogModuleManager: Shutting down and abandoning module LogVisualizer (179)
[2015.12.28-00.23.28:299][968]LogModuleManager: Shutting down and abandoning module GameProjectGeneration (178)
[2015.12.28-00.23.28:300][968]LogModuleManager: Shutting down and abandoning module IntroTutorials (177)
[2015.12.28-00.23.28:300][968]LogModuleManager: Shutting down and abandoning module EditorLiveStreaming (176)
[2015.12.28-00.23.28:300][968]LogModuleManager: Shutting down and abandoning module IOSPlatformEditor (175)
[2015.12.28-00.23.28:300][968]LogModuleManager: Shutting down and abandoning module HTML5PlatformEditor (174)
[2015.12.28-00.23.28:300][968]LogModuleManager: Shutting down and abandoning module AndroidDeviceDetection (173)
[2015.12.28-00.23.28:715][968]LogModuleManager: Shutting down and abandoning module AndroidPlatformEditor (172)
[2015.12.28-00.23.28:715][968]LogModuleManager: Shutting down and abandoning module IOSRuntimeSettings (171)
[2015.12.28-00.23.28:715][968]LogModuleManager: Shutting down and abandoning module AndroidRuntimeSettings (170)
[2015.12.28-00.23.28:715][968]LogModuleManager: Shutting down and abandoning module MergeActors (169)
[2015.12.28-00.23.28:715][968]LogModuleManager: Shutting down and abandoning module SizeMap (168)
[2015.12.28-00.23.28:715][968]LogModuleManager: Shutting down and abandoning module TreeMap (167)
[2015.12.28-00.23.28:715][968]LogModuleManager: Shutting down and abandoning module ReferenceViewer (166)
[2015.12.28-00.23.28:715][968]LogModuleManager: Shutting down and abandoning module LocalizationService (165)
[2015.12.28-00.23.28:715][968]LogModuleManager: Shutting down and abandoning module LocalizationDashboard (164)
[2015.12.28-00.23.28:715][968]LogModuleManager: Shutting down and abandoning module HardwareTargeting (163)
[2015.12.28-00.23.28:715][968]LogModuleManager: Shutting down and abandoning module DeviceProfileEditor (162)
[2015.12.28-00.23.28:715][968]LogModuleManager: Shutting down and abandoning module UndoHistory (161)
[2015.12.28-00.23.28:715][968]LogModuleManager: Shutting down and abandoning module GameplayTagsEditor (160)
[2015.12.28-00.23.28:715][968]LogModuleManager: Shutting down and abandoning module UserFeedback (159)
[2015.12.28-00.23.28:715][968]LogModuleManager: Shutting down and abandoning module XmlParser (158)
[2015.12.28-00.23.28:715][968]LogModuleManager: Shutting down and abandoning module Blutility (157)
[2015.12.28-00.23.28:715][968]LogModuleManager: Shutting down and abandoning module ProjectTargetPlatformEditor (156)
[2015.12.28-00.23.28:715][968]LogModuleManager: Shutting down and abandoning module ProjectSettingsViewer (155)
[2015.12.28-00.23.28:715][968]LogModuleManager: Shutting down and abandoning module InputBindingEditor (154)
[2015.12.28-00.23.28:715][968]LogModuleManager: Shutting down and abandoning module EditorSettingsViewer (153)
[2015.12.28-00.23.28:715][968]LogModuleManager: Shutting down and abandoning module SettingsEditor (152)
[2015.12.28-00.23.28:715][968]LogModuleManager: Shutting down and abandoning module ProjectLauncher (151)
[2015.12.28-00.23.28:715][968]LogModuleManager: Shutting down and abandoning module SessionFrontend (150)
[2015.12.28-00.23.28:715][968]LogModuleManager: Shutting down and abandoning module ProfilerClient (149)
[2015.12.28-00.23.28:715][968]LogModuleManager: Shutting down and abandoning module TargetDeviceServices (148)
[2015.12.28-00.23.28:715][968]LogModuleManager: Shutting down and abandoning module DeviceManager (147)
[2015.12.28-00.23.28:716][968]LogModuleManager: Shutting down and abandoning module AutomationController (146)
[2015.12.28-00.23.28:716][968]LogModuleManager: Shutting down and abandoning module AutomationWindow (145)
[2015.12.28-00.23.28:716][968]LogModuleManager: Shutting down and abandoning module Layers (144)
[2015.12.28-00.23.28:716][968]LogModuleManager: Shutting down and abandoning module ComponentVisualizers (143)
[2015.12.28-00.23.28:716][968]LogModuleManager: Shutting down and abandoning module DetailCustomizations (142)
[2015.12.28-00.23.28:716][968]LogModuleManager: Shutting down and abandoning module PackagesDialog (141)
[2015.12.28-00.23.28:716][968]LogModuleManager: Shutting down and abandoning module Persona (140)
[2015.12.28-00.23.28:716][968]LogModuleManager: Shutting down and abandoning module Kismet (139)
[2015.12.28-00.23.28:716][968]LogModuleManager: Shutting down and abandoning module GraphEditor (138)
[2015.12.28-00.23.28:716][968]LogModuleManager: Shutting down and abandoning module ClassViewer (137)
[2015.12.28-00.23.28:716][968]LogModuleManager: Shutting down and abandoning module Toolbox (136)
[2015.12.28-00.23.28:716][968]LogModuleManager: Shutting down and abandoning module ModuleUI (135)
[2015.12.28-00.23.28:716][968]LogModuleManager: Shutting down and abandoning module MovieSceneTools (134)
[2015.12.28-00.23.28:716][968]LogModuleManager: Shutting down and abandoning module OutputLog (133)
[2015.12.28-00.23.28:716][968]LogModuleManager: Shutting down and abandoning module GammaUI (132)
[2015.12.28-00.23.28:716][968]LogModuleManager: Shutting down and abandoning module Documentation (131)
[2015.12.28-00.23.28:716][968]LogModuleManager: Shutting down and abandoning module GameLiveStreaming (130)
[2015.12.28-00.23.28:716][968]LogModuleManager: Shutting down and abandoning module StreamingPauseRendering (129)
[2015.12.28-00.23.28:716][968]LogModuleManager: Shutting down and abandoning module AnalyticsET (128)
[2015.12.28-00.23.28:716][968]LogModuleManager: Shutting down and abandoning module Analytics (127)
[2015.12.28-00.23.28:716][968]LogModuleManager: Shutting down and abandoning module AITestSuite (126)
[2015.12.28-00.23.28:716][968]LogModuleManager: Shutting down and abandoning module GameplayDebugger (125)
[2015.12.28-00.23.28:716][968]LogModuleManager: Shutting down and abandoning module AIModule (124)
[2015.12.28-00.23.28:716][968]LogModuleManager: Shutting down and abandoning module ProfilerService (123)
[2015.12.28-00.23.28:728][968]LogModuleManager: Shutting down and abandoning module TaskGraph (122)
[2015.12.28-00.23.28:728][968]LogModuleManager: Shutting down and abandoning module SlateRemote (121)
[2015.12.28-00.23.28:729][968]LogModuleManager: Shutting down and abandoning module SteamVRController (120)
[2015.12.28-00.23.28:729][968]LogModuleManager: Shutting down and abandoning module SteamVR (119)
[2015.12.28-00.23.28:729][968]LogModuleManager: Shutting down and abandoning module ProceduralMeshComponent (118)
[2015.12.28-00.23.28:729][968]LogModuleManager: Shutting down and abandoning module OculusLibrary (117)
[2015.12.28-00.23.28:729][968]LogModuleManager: Shutting down and abandoning module OculusInput (116)
[2015.12.28-00.23.28:729][968]LogModuleManager: Shutting down and abandoning module LeapMotionController (115)
[2015.12.28-00.23.28:739][968]LogModuleManager: Shutting down and abandoning module CustomMeshComponent (114)
[2015.12.28-00.23.28:739][968]LogModuleManager: Shutting down and abandoning module CableComponent (113)
[2015.12.28-00.23.28:739][968]LogModuleManager: Shutting down and abandoning module ArchVisCharacter (112)
[2015.12.28-00.23.28:739][968]LogModuleManager: Shutting down and abandoning module MessagingDebugger (111)
[2015.12.28-00.23.28:739][968]LogModuleManager: Shutting down and abandoning module MediaPlayerEditor (110)
[2015.12.28-00.23.28:740][968]LogModuleManager: Shutting down and abandoning module HTML5Networking (109)
[2015.12.28-00.23.28:740][968]LogModuleManager: Shutting down and abandoning module SpeedTreeImporter (108)
[2015.12.28-00.23.28:740][968]LogModuleManager: Shutting down and abandoning module PluginBrowser (107)
[2015.12.28-00.23.28:740][968]LogModuleManager: Shutting down and abandoning module EpicSurvey (106)
[2015.12.28-00.23.28:740][968]LogModuleManager: Shutting down and abandoning module DesktopPlatform (105)
[2015.12.28-00.23.28:740][968]LogModuleManager: Shutting down and abandoning module VisualStudioSourceCodeAccess (104)
[2015.12.28-00.23.28:740][968]LogModuleManager: Shutting down and abandoning module UObjectPlugin (103)
[2015.12.28-00.23.28:740][968]LogModuleManager: Shutting down and abandoning module SubversionSourceControl (102)
[2015.12.28-00.23.28:740][968]LogModuleManager: Shutting down and abandoning module PerforceSourceControl (101)
[2015.12.28-00.23.28:740][968]LogModuleManager: Shutting down and abandoning module SourceControl (100)
[2015.12.28-00.23.28:740][968]LogModuleManager: Shutting down and abandoning module GitSourceControl (99)
[2015.12.28-00.23.28:740][968]LogModuleManager: Shutting down and abandoning module LightPropagationVolumeEditor (98)
[2015.12.28-00.23.28:740][968]LogModuleManager: Shutting down and abandoning module PaperTiledImporter (97)
[2015.12.28-00.23.28:740][968]LogModuleManager: Shutting down and abandoning module PaperSpriteSheetImporter (96)
[2015.12.28-00.23.28:740][968]LogModuleManager: Shutting down and abandoning module MeshPaint (95)
[2015.12.28-00.23.28:740][968]LogModuleManager: Shutting down and abandoning module SlateReflector (94)
[2015.12.28-00.23.28:740][968]LogModuleManager: Shutting down and abandoning module HotReload (93)
[2015.12.28-00.23.28:740][968]LogModuleManager: Shutting down and abandoning module MainFrame (92)
[2015.12.28-00.23.28:740][968]LogModuleManager: Shutting down and abandoning module LevelEditor (91)
[2015.12.28-00.23.28:740][968]LogModuleManager: Shutting down and abandoning module DirectoryWatcher (90)
[2015.12.28-00.23.28:741][968]LogModuleManager: Shutting down and abandoning module AssetRegistry (89)
[2015.12.28-00.23.28:782][968]LogModuleManager: Shutting down and abandoning module ContentBrowser (88)
[2015.12.28-00.23.28:783][968]LogModuleManager: Shutting down and abandoning module Paper2DEditor (87)
[2015.12.28-00.23.28:783][968]LogModuleManager: Shutting down and abandoning module UdpMessaging (86)
[2015.12.28-00.23.28:883][968]LogModuleManager: Shutting down and abandoning module LightPropagationVolumeRuntime (85)
[2015.12.28-00.23.28:883][968]LogModuleManager: Shutting down and abandoning module Paper2D (84)
[2015.12.28-00.23.28:883][968]LogModuleManager: Shutting down and abandoning module WindowsMoviePlayer (83)
[2015.12.28-00.23.28:885][968]LogModuleManager: Shutting down and abandoning module Media (82)
[2015.12.28-00.23.28:885][968]LogModuleManager: Shutting down and abandoning module WmfMedia (81)
[2015.12.28-00.23.28:885][968]LogModuleManager: Shutting down and abandoning module OnlineBlueprintSupport (80)
[2015.12.28-00.23.28:885][968]LogModuleManager: Shutting down and abandoning module GameplayTasksEditor (79)
[2015.12.28-00.23.28:885][968]LogModuleManager: Shutting down and abandoning module PropertyEditor (78)
[2015.12.28-00.23.28:886][968]LogModuleManager: Shutting down and abandoning module BehaviorTreeEditor (77)
[2015.12.28-00.23.28:886][968]LogModuleManager: Shutting down and abandoning module FunctionalTesting (76)
[2015.12.28-00.23.28:886][968]LogModuleManager: Shutting down and abandoning module CollisionAnalyzer (75)
[2015.12.28-00.23.28:886][968]LogModuleManager: Shutting down and abandoning module WorkspaceMenuStructure (74)
[2015.12.28-00.23.28:886][968]LogModuleManager: Shutting down and abandoning module MessageLog (73)
[2015.12.28-00.23.28:886][968]LogModuleManager: Shutting down and abandoning module Sequencer (72)
[2015.12.28-00.23.28:886][968]LogModuleManager: Shutting down and abandoning module AssetTools (71)
[2015.12.28-00.23.28:886][968]LogModuleManager: Shutting down and abandoning module UMGEditor (70)
[2015.12.28-00.23.28:886][968]LogModuleManager: Shutting down and abandoning module UMG (69)
[2015.12.28-00.23.28:886][968]LogModuleManager: Shutting down and abandoning module Slate (68)
[2015.12.28-00.23.28:886][968]LogModuleManager: Shutting down and abandoning module EditorStyle (67)
[2015.12.28-00.23.28:887][968]LogModuleManager: Shutting down and abandoning module SessionServices (66)
[2015.12.28-00.23.28:887][968]LogModuleManager: Shutting down and abandoning module SourceCodeAccess (65)
[2015.12.28-00.23.28:887][968]LogModuleManager: Shutting down and abandoning module HeadMountedDisplay (64)
[2015.12.28-00.23.28:887][968]LogModuleManager: Shutting down and abandoning module XAudio2 (63)
[2015.12.28-00.23.28:887][968]LogModuleManager: Shutting down and abandoning module Networking (61)
[2015.12.28-00.23.28:887][968]LogModuleManager: Shutting down and abandoning module Core (60)
[2015.12.28-00.23.28:887][968]LogModuleManager: Shutting down and abandoning module KismetCompiler (59)
[2015.12.28-00.23.28:887][968]LogModuleManager: Shutting down and abandoning module PhysXFormats (58)
[2015.12.28-00.23.28:887][968]LogModuleManager: Shutting down and abandoning module MeshUtilities (57)
[2015.12.28-00.23.28:887][968]LogModuleManager: Shutting down and abandoning module DerivedDataCache (56)
[2015.12.28-00.23.28:909][968]LogDerivedDataCache: Shutdown
[2015.12.28-00.23.28:909][968]LogModuleManager: Shutting down and abandoning module ShaderFormatOpenGL (55)
[2015.12.28-00.23.28:909][968]LogModuleManager: Shutting down and abandoning module ShaderFormatD3D (54)
[2015.12.28-00.23.28:909][968]LogModuleManager: Shutting down and abandoning module MetalShaderFormat (53)
[2015.12.28-00.23.28:909][968]LogModuleManager: Shutting down and abandoning module TextureFormatUncompressed (52)
[2015.12.28-00.23.28:909][968]LogModuleManager: Shutting down and abandoning module TextureFormatPVR (51)
[2015.12.28-00.23.28:909][968]LogModuleManager: Shutting down and abandoning module TextureFormatIntelISPCTexComp (50)
[2015.12.28-00.23.28:909][968]LogModuleManager: Shutting down and abandoning module TextureFormatDXT (49)
[2015.12.28-00.23.28:909][968]LogModuleManager: Shutting down and abandoning module ImageWrapper (48)
[2015.12.28-00.23.28:909][968]LogModuleManager: Shutting down and abandoning module TextureFormatASTC (47)
[2015.12.28-00.23.28:909][968]LogModuleManager: Shutting down and abandoning module TextureFormatAndroid (46)
[2015.12.28-00.23.28:909][968]LogModuleManager: Shutting down and abandoning module AudioFormatOpus (45)
[2015.12.28-00.23.28:909][968]LogModuleManager: Shutting down and abandoning module AudioFormatOgg (44)
[2015.12.28-00.23.28:909][968]LogModuleManager: Shutting down and abandoning module AudioFormatADPCM (43)
[2015.12.28-00.23.28:909][968]LogModuleManager: Shutting down and abandoning module LinuxTargetPlatform (42)
[2015.12.28-00.23.28:909][968]LogModuleManager: Shutting down and abandoning module LinuxServerTargetPlatform (41)
[2015.12.28-00.23.28:909][968]LogModuleManager: Shutting down and abandoning module LinuxNoEditorTargetPlatform (40)
[2015.12.28-00.23.28:909][968]LogModuleManager: Shutting down and abandoning module Messaging (39)
[2015.12.28-00.23.28:909][968]LogModuleManager: Shutting down and abandoning module IOSTargetPlatform (38)
[2015.12.28-00.23.28:909][968]LogModuleManager: Shutting down and abandoning module HTML5TargetPlatform (37)
[2015.12.28-00.23.28:909][968]LogModuleManager: Shutting down and abandoning module Android_PVRTCTargetPlatform (36)
[2015.12.28-00.23.28:909][968]LogModuleManager: Shutting down and abandoning module Android_MultiTargetPlatform (35)
[2015.12.28-00.23.28:909][968]LogModuleManager: Shutting down and abandoning module Android_ETC2TargetPlatform (34)
[2015.12.28-00.23.28:909][968]LogModuleManager: Shutting down and abandoning module Android_ETC1TargetPlatform (33)
[2015.12.28-00.23.28:909][968]LogModuleManager: Shutting down and abandoning module Android_DXTTargetPlatform (32)
[2015.12.28-00.23.28:909][968]LogModuleManager: Shutting down and abandoning module Android_ATCTargetPlatform (31)
[2015.12.28-00.23.28:909][968]LogModuleManager: Shutting down and abandoning module Android_ASTCTargetPlatform (30)
[2015.12.28-00.23.28:909][968]LogModuleManager: Shutting down and abandoning module AndroidTargetPlatform (29)
[2015.12.28-00.23.28:909][968]LogModuleManager: Shutting down and abandoning module WindowsTargetPlatform (28)
[2015.12.28-00.23.28:909][968]LogModuleManager: Shutting down and abandoning module WindowsServerTargetPlatform (27)
[2015.12.28-00.23.28:909][968]LogModuleManager: Shutting down and abandoning module WindowsNoEditorTargetPlatform (26)
[2015.12.28-00.23.28:909][968]LogModuleManager: Shutting down and abandoning module WindowsClientTargetPlatform (25)
[2015.12.28-00.23.28:909][968]LogModuleManager: Shutting down and abandoning module AllDesktopTargetPlatform (24)
[2015.12.28-00.23.28:909][968]LogModuleManager: Shutting down and abandoning module TargetPlatform (23)
[2015.12.28-00.23.28:909][968]LogModuleManager: Shutting down and abandoning module InputCore (22)
[2015.12.28-00.23.28:909][968]LogModuleManager: Shutting down and abandoning module Settings (21)
[2015.12.28-00.23.28:909][968]LogModuleManager: Shutting down and abandoning module OnlineSubsystem (19)
[2015.12.28-00.23.28:909][968]LogModuleManager: Shutting down and abandoning module HTTP (18)
[2015.12.28-00.23.30:911][968]LogModuleManager: Shutting down and abandoning module XMPP (17)
[2015.12.28-00.23.30:911][968]LogModuleManager: Shutting down and abandoning module OculusRift (16)
[2015.12.28-00.23.30:911][968]LogModuleManager: Shutting down and abandoning module ExampleDeviceProfileSelector (15)
[2015.12.28-00.23.30:911][968]LogModuleManager: Shutting down and abandoning module TextureCompressor (14)
[2015.12.28-00.23.30:911][968]LogModuleManager: Shutting down and abandoning module ShaderCore (13)
[2015.12.28-00.23.30:911][968]LogModuleManager: Shutting down and abandoning module Landscape (12)
[2015.12.28-00.23.30:911][968]LogModuleManager: Shutting down and abandoning module SlateRHIRenderer (11)
[2015.12.28-00.23.30:911][968]LogModuleManager: Shutting down and abandoning module OpenGLDrv (10)
[2015.12.28-00.23.30:911][968]LogModuleManager: Shutting down and abandoning module D3D11RHI (9)
[2015.12.28-00.23.30:911][968]LogModuleManager: Shutting down and abandoning module AnimGraphRuntime (8)
[2015.12.28-00.23.30:911][968]LogModuleManager: Shutting down and abandoning module Renderer (7)
[2015.12.28-00.23.30:911][968]LogModuleManager: Shutting down and abandoning module Engine (6)
[2015.12.28-00.23.30:911][968]LogModuleManager: Shutting down and abandoning module CoreUObject (5)
[2015.12.28-00.23.30:912][968]LogModuleManager: Shutting down and abandoning module NetworkFile (4)
[2015.12.28-00.23.30:912][968]LogModuleManager: Shutting down and abandoning module StreamingFile (3)
[2015.12.28-00.23.30:912][968]LogModuleManager: Shutting down and abandoning module SandboxFile (2)
[2015.12.28-00.23.30:912][968]LogModuleManager: Shutting down and abandoning module PakFile (1)
[2015.12.28-00.23.30:913][968]LogExit: Exiting.
[2015.12.28-00.23.30:920][968]Log file closed, 12/28/15 01:23:30
