[2015.12.28-00.27.01:902][  0]Log file open, 12/28/15 01:27:01
[2015.12.28-00.27.01:902][  0]LogInit:Display: Running engine for game: podracer
[2015.12.28-00.27.01:902][  0]LogPlatformFile: Not using cached read wrapper
[2015.12.28-00.27.01:902][  0]LogInit:Display: RandInit(-1267666849) SRandInit(-1267666848).
[2015.12.28-00.27.01:902][  0]LogTaskGraph: Started task graph with 4 named threads and 7 total threads.
[2015.12.28-00.27.01:902][  0]LogStats: Stats thread started at 0.067494
[2015.12.28-00.27.01:902][  0]LogInit: Version: 4.10.1-2791327+++depot+UE4-Releases+4.10
[2015.12.28-00.27.01:902][  0]LogInit: API Version: 2758231
[2015.12.28-00.27.01:902][  0]LogInit: Compiled (64-bit): Dec  4 2015 19:44:40
[2015.12.28-00.27.01:902][  0]LogInit: Compiled with Visual C++: 19.00.23026.00
[2015.12.28-00.27.01:902][  0]LogInit: Build Configuration: Development
[2015.12.28-00.27.01:902][  0]LogInit: Branch Name: ++depot+UE4-Releases+4.10
[2015.12.28-00.27.01:902][  0]LogInit: Command line: 
[2015.12.28-00.27.01:902][  0]LogInit: Base directory: D:/Unreal Engine/Epic Games/4.10/Engine/Binaries/Win64/
[2015.12.28-00.27.01:902][  0]LogInit: Rocket: 1
[2015.12.28-00.27.01:906][  0]LogInit: Using libcurl 7.41.0
[2015.12.28-00.27.01:906][  0]LogInit:  - built for x86_64-pc-win32
[2015.12.28-00.27.01:906][  0]LogInit:  - supports SSL with WinSSL
[2015.12.28-00.27.01:906][  0]LogInit:  - other features:
[2015.12.28-00.27.01:906][  0]LogInit:      CURL_VERSION_SSL
[2015.12.28-00.27.01:906][  0]LogInit:      CURL_VERSION_IPV6
[2015.12.28-00.27.01:906][  0]LogInit:      CURL_VERSION_ASYNCHDNS
[2015.12.28-00.27.01:906][  0]LogInit:      CURL_VERSION_LARGEFILE
[2015.12.28-00.27.01:906][  0]LogInit:      CURL_VERSION_IDN
[2015.12.28-00.27.01:906][  0]LogInit:  CurlRequestOptions (configurable via config and command line):
[2015.12.28-00.27.01:906][  0]LogInit:  - bVerifyPeer = true  - Libcurl will verify peer certificate
[2015.12.28-00.27.01:906][  0]LogInit:  - bUseHttpProxy = false  - Libcurl will NOT use HTTP proxy
[2015.12.28-00.27.01:906][  0]LogInit:  - bDontReuseConnections = false  - Libcurl will reuse connections
[2015.12.28-00.27.01:906][  0]LogInit:  - CertBundlePath = nullptr  - Libcurl will use whatever was configured at build time.
[2015.12.28-00.27.01:911][  0]LogInit: Presizing for 0 objects not considered by GC, pre-allocating 0 bytes.
[2015.12.28-00.27.01:915][  0]LogInit: Object subsystem initialized
[2015.12.28-00.27.01:916][  0]LogInit: Selected Device Profile: [Windows]
[2015.12.28-00.27.01:916][  0]LogInit: Applying CVar settings loaded from the selected device profile: [Windows]
[2015.12.28-00.27.01:920][  0]LogInit: Computer: ARIEL
[2015.12.28-00.27.01:920][  0]LogInit: User: Balazs
[2015.12.28-00.27.01:920][  0]LogInit: CPU Page size=4096, Cores=4
[2015.12.28-00.27.01:920][  0]LogInit: High frequency timer resolution =3.328125 MHz
[2015.12.28-00.27.01:920][  0]LogMemory: Memory total: Physical=15.9GB (16GB approx)
[2015.12.28-00.27.01:920][  0]LogMemory: Platform Memory Stats for Windows
[2015.12.28-00.27.01:920][  0]LogMemory: Process Physical Memory: 55.94 MB used, 55.94 MB peak
[2015.12.28-00.27.01:920][  0]LogMemory: Process Virtual Memory: 56.74 MB used, 56.74 MB peak
[2015.12.28-00.27.01:920][  0]LogMemory: Physical Memory: 3778.09 MB used, 16299.90 MB total
[2015.12.28-00.27.01:920][  0]LogMemory: Virtual Memory: 379.63 MB used, 134217728.00 MB total
[2015.12.28-00.27.01:947][  0]LogTextLocalizationManager: No translations for ('hu-HU') exist, falling back to 'en' for localization and internationalization data.
[2015.12.28-00.27.02:304][  0]LogD3D11RHI: Found D3D11 adapter 0: NVIDIA GeForce GTX 960 (Feature Level 11_0)
[2015.12.28-00.27.02:304][  0]LogD3D11RHI: Adapter has 4010MB of dedicated video memory, 0MB of dedicated system memory, and 8149MB of shared system memory, 1 output[s]
[2015.12.28-00.27.02:305][  0]LogD3D11RHI: Found D3D11 adapter 1: Microsoft Basic Render Driver (Feature Level 11_0)
[2015.12.28-00.27.02:305][  0]LogD3D11RHI: Adapter has 0MB of dedicated video memory, 0MB of dedicated system memory, and 8149MB of shared system memory, 0 output[s]
[2015.12.28-00.27.02:305][  0]LogD3D11RHI: Chosen D3D11 Adapter Id = 0
[2015.12.28-00.27.02:309][  0]LogD3D11RHI: !Direct3DDevice
[2015.12.28-00.27.02:309][  0]LogRHI: Texture pool is 1361 MB (70% of 1945 MB)
[2015.12.28-00.27.02:320][  0]LogD3D11RHI: Async texture creation enabled
[2015.12.28-00.27.02:335][  0]LogShaderCompilers: Guid format shader working directory is 0 characters bigger than the processId version (../../../../../../UE4/game01 pod racer/podracer/Intermediate/Shaders/WorkingDirectory/6384/).
[2015.12.28-00.27.02:335][  0]LogShaderCompilers: Cleaned the shader compiler working directory 'C:/Users/Balazs/AppData/Local/Temp/UnrealShaderWorkingDir/D5AD814B4EE2D9A598D862A2ACA3238C/'.
[2015.12.28-00.27.02:335][  0]LogShaderCompilers:Display: Using Local Shader Compiler.
[2015.12.28-00.27.02:958][  0]LogTemp:Display: Loaded TP AllDesktopTargetPlatform
[2015.12.28-00.27.02:961][  0]LogTemp:Display: Loaded TP WindowsClientTargetPlatform
[2015.12.28-00.27.02:964][  0]LogTemp:Display: Loaded TP WindowsNoEditorTargetPlatform
[2015.12.28-00.27.02:967][  0]LogTemp:Display: Loaded TP WindowsServerTargetPlatform
[2015.12.28-00.27.02:970][  0]LogTemp:Display: Loaded TP WindowsTargetPlatform
[2015.12.28-00.27.02:972][  0]LogTemp:Display: Loaded TP AndroidTargetPlatform
[2015.12.28-00.27.02:974][  0]LogTemp:Display: Loaded TP Android_ASTCTargetPlatform
[2015.12.28-00.27.02:976][  0]LogTemp:Display: Loaded TP Android_ATCTargetPlatform
[2015.12.28-00.27.02:978][  0]LogTemp:Display: Loaded TP Android_DXTTargetPlatform
[2015.12.28-00.27.02:980][  0]LogTemp:Display: Loaded TP Android_ETC1TargetPlatform
[2015.12.28-00.27.02:982][  0]LogTemp:Display: Loaded TP Android_ETC2TargetPlatform
[2015.12.28-00.27.02:986][  0]LogTemp:Display: Loaded TP Android_MultiTargetPlatform
[2015.12.28-00.27.02:986][  0]LogTemp:Display: Loaded TP Android_PVRTCTargetPlatform
[2015.12.28-00.27.02:986][  0]LogTemp:Display: Loaded TP HTML5TargetPlatform
[2015.12.28-00.27.03:001][  0]LogTemp:Display: Loaded TP IOSTargetPlatform
[2015.12.28-00.27.03:003][  0]LogTemp:Display: Loaded TP LinuxNoEditorTargetPlatform
[2015.12.28-00.27.03:005][  0]LogTemp:Display: Loaded TP LinuxServerTargetPlatform
[2015.12.28-00.27.03:008][  0]LogTemp:Display: Loaded TP LinuxTargetPlatform
[2015.12.28-00.27.03:008][  0]LogTargetPlatformManager:Display: Building Assets For Windows
[2015.12.28-00.27.03:055][  0]LogDerivedDataCache:Display: Max Cache Size: 512 MB
[2015.12.28-00.27.03:097][  0]LogDerivedDataCache: Loaded boot cache 0.04s 41MB C:/Users/Balazs/AppData/Local/UnrealEngine/4.10/DerivedDataCache/Boot.ddc.
[2015.12.28-00.27.03:097][  0]LogDerivedDataCache:Display: Loaded Boot cache: C:/Users/Balazs/AppData/Local/UnrealEngine/4.10/DerivedDataCache/Boot.ddc
[2015.12.28-00.27.03:097][  0]LogDerivedDataCache: FDerivedDataBackendGraph:  Pak pak cache file ../../../../../../UE4/game01 pod racer/podracer/DerivedDataCache/DDC.ddp not found, will not use a pak cache.
[2015.12.28-00.27.03:097][  0]LogDerivedDataCache: Unable to find inner node Pak for hierarchical cache Hierarchy.
[2015.12.28-00.27.03:097][  0]LogDerivedDataCache: FDerivedDataBackendGraph:  CompressedPak pak cache file ../../../../../../UE4/game01 pod racer/podracer/DerivedDataCache/Compressed.ddp not found, will not use a pak cache.
[2015.12.28-00.27.03:097][  0]LogDerivedDataCache: Unable to find inner node CompressedPak for hierarchical cache Hierarchy.
[2015.12.28-00.27.03:142][  0]LogDerivedDataCache:Display: Pak cache opened for reading ../../../Engine/DerivedDataCache/Compressed.ddp.
[2015.12.28-00.27.03:154][  0]LogDerivedDataCache: Using Local data cache path C:/Users/Balazs/AppData/Local/UnrealEngine/Common/DerivedDataCache: Writable
[2015.12.28-00.27.03:284][  0]LogInit: Selected Device Profile: [Windows]
[2015.12.28-00.27.03:285][  0]LogContentStreaming: Texture pool size is 0.000000MB
[2015.12.28-00.27.03:364][  0]LogMeshUtilities: No automatic mesh reduction module available
[2015.12.28-00.27.03:364][  0]LogMeshUtilities: No automatic mesh merging module available
[2015.12.28-00.27.03:534][  0]LogInit: WinSock: version 1.1 (2.2), MaxSocks=32767, MaxUdp=65467
[2015.12.28-00.27.04:047][  0]UdpMessaging: Initializing bridge on interface 0.0.0.0:0 to multicast group 230.0.0.1:6666.
[2015.12.28-00.27.04:148][  0]LogAssetRegistry: FAssetRegistry took 0.0110 seconds to start up
[2015.12.28-00.27.04:263][  0]SourceControl: Info Source control is disabled
[2015.12.28-00.27.04:264][  0]SourceControl: Info Source control is disabled
[2015.12.28-00.27.04:270][  0]SourceControl: Info Source control is disabled
[2015.12.28-00.27.04:277][  0]SourceControl: Info Source control is disabled
[2015.12.28-00.27.04:408][  0]LogObj: 28633 objects as part of root set at end of initial load.
[2015.12.28-00.27.04:408][  0]LogUObjectAllocator: 6099752 out of 0 bytes used by permanent object pool.
[2015.12.28-00.27.04:452][  0]LogEngine: Initializing Engine...
[2015.12.28-00.27.04:454][  0]LogHMD: Can't find Oculus library dev build: is proper Runtime installed? Version: 0.8.0.0
[2015.12.28-00.27.04:454][  0]LogHMD: SteamVR failed to initialize.  Err: 110
[2015.12.28-00.27.04:548][  0]LogAIModule: Creating AISystem for world NewWorld
[2015.12.28-00.27.04:554][  0]LogInit: XAudio2 using 'Hangszórók (USB Headphone Set)' : 2 channels at 48 kHz using 16 bits per sample (channel mask 0x3)
[2015.12.28-00.27.04:559][  0]LogInit: FAudioDevice initialized.
[2015.12.28-00.27.04:582][  0]LogDerivedDataCache: Saved boot cache 0.02s 41MB C:/Users/Balazs/AppData/Local/UnrealEngine/4.10/DerivedDataCache/Boot.ddc.
[2015.12.28-00.27.04:586][  0]LogInit: Texture streaming: Enabled
[2015.12.28-00.27.04:589][  0]LogAnalytics: Creating configured Analytics provider AnalyticsET
[2015.12.28-00.27.04:589][  0]LogAnalytics: [UEEditor.Rocket.Release] APIServer = http://et2.epicgames.com/ET2/. AppVersion = 4.10.1-2791327+++depot+UE4-Releases+4.10
[2015.12.28-00.27.04:589][  0]LogAnalytics: [UEEditor.Rocket.Release] SetUserId 355d7eaa461d96e1ab96da998ac3b8a9|00d7b1a357fd47ef9a98201eff08c4a2|b134897b-75d8-4416-b8dc-28adc0c1d462
[2015.12.28-00.27.04:589][  0]LogAnalytics: [UEEditor.Rocket.Release] AnalyticsET::StartSession
[2015.12.28-00.27.04:609][  0]LogInit: Transaction tracking system initialized
[2015.12.28-00.27.04:625][  0]BlueprintLog: New page: Editor Load
[2015.12.28-00.27.04:670][  0]LocalizationService: Info Localization service is disabled
[2015.12.28-00.27.04:714][  0]LogConsoleResponse:Display: 
[2015.12.28-00.27.04:798][  0]LogCook:Display: Done creating registry. It took  0.00s.
[2015.12.28-00.27.04:828][  0]LogFileCache: Scanning file cache for directory 'D:/UE4/game01 pod racer/podracer/Content/' took 0.01s
[2015.12.28-00.27.04:828][  0]SourceControl: Info Source control is disabled
[2015.12.28-00.27.04:828][  0]Cmd: MAP LOAD FILE="../../../../../../UE4/game01 pod racer/podracer/Content/FlyingBP/Maps/FlyingExampleMap.umap" TEMPLATE=0 SHOWPROGRESS=1 FEATURELEVEL=3
[2015.12.28-00.27.04:829][  0]LightingResults: New page: Lighting Build
[2015.12.28-00.27.04:831][  0]MapCheck: New page: Map Check
[2015.12.28-00.27.04:831][  0]LightingResults: New page: Lighting Build
[2015.12.28-00.27.04:841][  0]LogParticles: Destroying 0 GPU particle simulations for FXSystem 0x0000006BDE2F3B00
[2015.12.28-00.27.05:149][  0]LogAIModule: Creating AISystem for world FlyingExampleMap
[2015.12.28-00.27.05:160][  0]LogEditorServer: Finished looking for orphan Actors (0.000 secs)
[2015.12.28-00.27.05:160][  0]Cmd: MAP CHECKDEP NOCLEARLOG
[2015.12.28-00.27.05:186][  0]MapCheck: Info Map check complete: 0 Error(s), 0 Warning(s), took 25.599ms to complete.
[2015.12.28-00.27.05:186][  0]LogFileHelpers: Loading map 'FlyingExampleMap' took 0.358
[2015.12.28-00.27.05:277][  0]LogCollectionManager: Loaded 0 collections in 0.001952 seconds
[2015.12.28-00.27.05:314][  0]LogFileCache: Scanning file cache for directory 'D:/UE4/game01 pod racer/podracer/Saved/Collections/' took 0.01s
[2015.12.28-00.27.0